[2021-05-05 15:23:01] production.DEBUG: select * from `users` where `id` = ? limit 1 {"params":[4],"time":19.79} 
[2021-05-05 15:23:01] production.DEBUG: select * from `accounts` where `accounts`.`user_id` in (4) {"params":[],"time":0.66} 
[2021-05-05 15:23:01] production.DEBUG: select * from `social_profiles` where `social_profiles`.`user_id` in (4) {"params":[],"time":0.56} 
[2021-05-05 15:23:01] production.DEBUG: select count(*) as aggregate from `games` where `games`.`status` = ? {"params":[1],"time":0.55} 
[2021-05-05 15:23:01] production.DEBUG: select * from `games` where `games`.`status` = ? and `games`.`win` > ? order by `id` desc limit 1 {"params":[1,"games.bet"],"time":0.59} 
[2021-05-05 15:23:01] production.DEBUG: select `id`, `user_id` from `accounts` where `accounts`.`id` in (5) {"params":[],"time":0.54} 
[2021-05-05 15:23:01] production.DEBUG: select `id`, `name`, `avatar` from `users` where `users`.`id` in (5) {"params":[],"time":0.44} 
[2021-05-05 15:23:03] production.DEBUG: select * from `users` where `id` = ? limit 1 {"params":[4],"time":8.37} 
[2021-05-05 15:23:03] production.DEBUG: select * from `accounts` where `accounts`.`user_id` = ? and `accounts`.`user_id` is not null limit 1 {"params":[4],"time":0.47} 
[2021-05-05 15:23:03] production.DEBUG: select count(*) as aggregate from `affiliate_commissions` {"params":[],"time":0.55} 
[2021-05-05 15:23:03] production.DEBUG: select * from `affiliate_commissions` where `account_id` = ? order by id desc limit 10 offset 0 {"params":[4],"time":0.46} 
[2021-05-05 15:25:47] development.DEBUG: select * from `users` where `id` = ? limit 1 {"params":[5],"time":18.74} 
[2021-05-05 15:25:47] development.DEBUG: select * from `accounts` where `accounts`.`user_id` in (5) {"params":[],"time":0.8} 
[2021-05-05 15:25:47] development.DEBUG: select * from `social_profiles` where `social_profiles`.`user_id` in (5) {"params":[],"time":0.55} 
[2021-05-05 15:25:47] development.DEBUG: select count(*) as aggregate from `games` where `games`.`status` = ? {"params":[1],"time":0.59} 
[2021-05-05 15:25:47] development.DEBUG: select * from `games` where `games`.`status` = ? and `games`.`win` > ? order by `id` desc limit 1 {"params":[1,"games.bet"],"time":0.57} 
[2021-05-05 15:25:47] development.DEBUG: select `id`, `user_id` from `accounts` where `accounts`.`id` in (5) {"params":[],"time":0.53} 
[2021-05-05 15:25:47] development.DEBUG: select `id`, `name`, `avatar` from `users` where `users`.`id` in (5) {"params":[],"time":0.42} 
[2021-05-05 15:25:48] development.DEBUG: select * from `users` where `id` = ? limit 1 {"params":[5],"time":11.42} 
[2021-05-05 15:25:48] development.DEBUG: select * from `accounts` where `accounts`.`user_id` in (5) {"params":[],"time":0.8} 
[2021-05-05 15:25:48] development.DEBUG: select * from `social_profiles` where `social_profiles`.`user_id` in (5) {"params":[],"time":0.81} 
[2021-05-05 15:25:49] development.DEBUG: select * from `users` where `id` = ? limit 1 {"params":[5],"time":26.41} 
[2021-05-05 15:25:49] development.DEBUG: insert into `provably_fair_games` (`secret`, `server_seed`, `hash`, `client_seed`, `gameable_type`, `updated_at`, `created_at`) values (?, ?, ?, ?, ?, ?, ?) {"params":["CA,HK,D4,S4,S6,HJ,C3,DT,H7,CQ,H6,H4,D2,DA,H5,H8,CJ,D8,S3,CK,HA,S5,D9,SK,D3,DJ,SJ,D6,C8,HQ,C5,SQ,C6,C4,S8,H3,C2,ST,S9,C7,S2,D5,S7,DK,HT,H9,DQ,C9,CT,H2,D7,SA","vVIVACNGJpxxO4Gs","7dc9a7316bfd083a80cc205ed83605861af55738a3323321fbed7afe3f6d08e0","38608112","Packages\\Baccarat\\Models\\Baccarat","2021-05-05 15:25:49","2021-05-05 15:25:49"],"time":78.92} 
[2021-05-05 15:26:04] development.DEBUG: select * from `users` where `id` = ? limit 1 {"params":[5],"time":10.0} 
[2021-05-05 15:26:04] development.DEBUG: select * from `provably_fair_games` where `hash` = ? and `gameable_type` = ? and `created_at` >= ? limit 1 {"params":["7dc9a7316bfd083a80cc205ed83605861af55738a3323321fbed7afe3f6d08e0","Packages\\Baccarat\\Models\\Baccarat","2021-05-04 15:26:04"],"time":0.57} 
[2021-05-05 15:26:04] development.DEBUG: select * from `games` where `games`.`provably_fair_game_id` = ? and `games`.`provably_fair_game_id` is not null limit 1 {"params":[9],"time":14.09} 
[2021-05-05 15:26:04] development.DEBUG: select * from `accounts` where `accounts`.`user_id` = ? and `accounts`.`user_id` is not null limit 1 {"params":[5],"time":0.61} 
[2021-05-05 15:26:04] development.DEBUG: select * from `provably_fair_games` where `hash` = ? and `gameable_type` = ? and `created_at` >= ? limit 1 {"params":["7dc9a7316bfd083a80cc205ed83605861af55738a3323321fbed7afe3f6d08e0","Packages\\Baccarat\\Models\\Baccarat","2021-05-04 15:26:04"],"time":0.54} 
[2021-05-05 15:26:04] development.DEBUG: select * from `games` where `games`.`provably_fair_game_id` in (9) {"params":[],"time":0.49} 
[2021-05-05 15:26:04] development.DEBUG: insert into `games_baccarat` (`deck`, `bet_type`, `player_hand`, `banker_hand`, `player_score`, `banker_score`, `updated_at`, `created_at`) values (?, ?, ?, ?, ?, ?, ?, ?) {"params":["[\"S9\",\"C7\",\"S2\",\"D5\",\"S7\",\"DK\",\"HT\",\"H9\",\"DQ\",\"C9\",\"CT\",\"H2\",\"D7\",\"SA\",\"CA\",\"HK\",\"D4\",\"S4\",\"S6\",\"HJ\",\"C3\",\"DT\",\"H7\",\"CQ\",\"H6\",\"H4\",\"D2\",\"DA\",\"H5\",\"H8\",\"CJ\",\"D8\",\"S3\",\"CK\",\"HA\",\"S5\",\"D9\",\"SK\",\"D3\",\"DJ\",\"SJ\",\"D6\",\"C8\",\"HQ\",\"C5\",\"SQ\",\"C6\",\"C4\",\"S8\",\"H3\",\"C2\",\"ST\"]",0,"[\"S9\",\"S2\",\"S7\"]","[\"C7\",\"D5\",\"DK\"]",8.0,2.0,"2021-05-05 15:26:04","2021-05-05 15:26:04"],"time":73.81} 
[2021-05-05 15:26:04] development.DEBUG: insert into `games` (`account_id`, `provably_fair_game_id`, `bet`, `win`, `status`, `gameable_id`, `gameable_type`, `updated_at`, `created_at`) values (?, ?, ?, ?, ?, ?, ?, ?, ?) {"params":[5,9,50,100.0,1,6,"Packages\\Baccarat\\Models\\Baccarat","2021-05-05 15:26:04","2021-05-05 15:26:04"],"time":237.6} 
[2021-05-05 15:26:04] development.DEBUG: update `accounts` set `balance` = `balance` + 50, `accounts`.`updated_at` = ? where `id` = ? {"params":["2021-05-05 15:26:04",5],"time":112.2} 
[2021-05-05 15:26:04] development.DEBUG: insert into `account_transactions` (`account_id`, `amount`, `balance`, `transactionable_id`, `transactionable_type`, `updated_at`, `created_at`) values (?, ?, ?, ?, ?, ?, ?) {"params":[5,50.0,1100.0,6,"App\\Models\\Game","2021-05-05 15:26:04","2021-05-05 15:26:04"],"time":1.01} 
[2021-05-05 15:26:04] development.DEBUG: insert into `provably_fair_games` (`secret`, `server_seed`, `hash`, `client_seed`, `gameable_type`, `updated_at`, `created_at`) values (?, ?, ?, ?, ?, ?, ?) {"params":["DJ,H8,H5,H6,C6,HJ,D9,S3,C3,ST,DK,HA,C9,SJ,C2,CJ,D6,S4,C8,HQ,H4,H2,S8,CT,C7,DA,C4,D2,HK,S6,S9,CK,S7,H7,SQ,CQ,D3,D8,D7,H9,CA,S5,SA,S2,SK,HT,D4,DQ,D5,C5,DT,H3","qY0Bwc8UtW7BT8PC","860830bc46f14579578df6d3b8a7e9762a54a5579fd05018164c3726a9b40659","38608112","Packages\\Baccarat\\Models\\Baccarat","2021-05-05 15:26:04","2021-05-05 15:26:04"],"time":45.63} 
[2021-05-05 15:26:04] development.DEBUG: select * from `users` where `users`.`id` = ? limit 1 {"params":[5],"time":0.45} 
[2021-05-05 15:26:04] development.DEBUG: select * from `users` where `users`.`id` = ? limit 1 {"params":[4],"time":0.41} 
[2021-05-05 15:26:04] development.DEBUG: Ignore affiliate commission for referrer user ID 4 due to the same IP address.  
[2021-05-05 15:26:04] development.DEBUG: select * from `users` where `users`.`id` = ? limit 1 {"params":[1],"time":1.28} 
[2021-05-05 15:26:04] development.DEBUG: Ignore affiliate commission for referrer user ID 1 due to the same IP address.  
[2021-05-05 15:27:13] development.DEBUG: select * from `users` where `id` = ? limit 1 {"params":[5],"time":10.02} 
[2021-05-05 15:27:13] development.DEBUG: select * from `provably_fair_games` where `hash` = ? and `gameable_type` = ? and `created_at` >= ? limit 1 {"params":["860830bc46f14579578df6d3b8a7e9762a54a5579fd05018164c3726a9b40659","Packages\\Baccarat\\Models\\Baccarat","2021-05-04 15:27:13"],"time":0.65} 
[2021-05-05 15:27:13] development.DEBUG: select * from `games` where `games`.`provably_fair_game_id` = ? and `games`.`provably_fair_game_id` is not null limit 1 {"params":[10],"time":0.67} 
[2021-05-05 15:27:13] development.DEBUG: select * from `accounts` where `accounts`.`user_id` = ? and `accounts`.`user_id` is not null limit 1 {"params":[5],"time":0.73} 
[2021-05-05 15:27:13] development.DEBUG: select * from `provably_fair_games` where `hash` = ? and `gameable_type` = ? and `created_at` >= ? limit 1 {"params":["860830bc46f14579578df6d3b8a7e9762a54a5579fd05018164c3726a9b40659","Packages\\Baccarat\\Models\\Baccarat","2021-05-04 15:27:13"],"time":0.71} 
[2021-05-05 15:27:13] development.DEBUG: select * from `games` where `games`.`provably_fair_game_id` in (10) {"params":[],"time":0.77} 
[2021-05-05 15:27:13] development.DEBUG: insert into `games_baccarat` (`deck`, `bet_type`, `player_hand`, `banker_hand`, `player_score`, `banker_score`, `updated_at`, `created_at`) values (?, ?, ?, ?, ?, ?, ?, ?) {"params":["[\"S9\",\"CK\",\"S7\",\"H7\",\"SQ\",\"CQ\",\"D3\",\"D8\",\"D7\",\"H9\",\"CA\",\"S5\",\"SA\",\"S2\",\"SK\",\"HT\",\"D4\",\"DQ\",\"D5\",\"C5\",\"DT\",\"H3\",\"DJ\",\"H8\",\"H5\",\"H6\",\"C6\",\"HJ\",\"D9\",\"S3\",\"C3\",\"ST\",\"DK\",\"HA\",\"C9\",\"SJ\",\"C2\",\"CJ\",\"D6\",\"S4\",\"C8\",\"HQ\",\"H4\",\"H2\",\"S8\",\"CT\",\"C7\",\"DA\",\"C4\",\"D2\",\"HK\",\"S6\"]",0,"[\"S9\",\"S7\"]","[\"CK\",\"H7\"]",6.0,7.0,"2021-05-05 15:27:13","2021-05-05 15:27:13"],"time":83.17} 
[2021-05-05 15:27:13] development.DEBUG: insert into `games` (`account_id`, `provably_fair_game_id`, `bet`, `win`, `status`, `gameable_id`, `gameable_type`, `updated_at`, `created_at`) values (?, ?, ?, ?, ?, ?, ?, ?, ?) {"params":[5,10,50,0,1,7,"Packages\\Baccarat\\Models\\Baccarat","2021-05-05 15:27:13","2021-05-05 15:27:13"],"time":112.85} 
[2021-05-05 15:27:13] development.DEBUG: update `accounts` set `balance` = `balance` - 50, `accounts`.`updated_at` = ? where `id` = ? {"params":["2021-05-05 15:27:13",5],"time":46.97} 
[2021-05-05 15:27:13] development.DEBUG: insert into `account_transactions` (`account_id`, `amount`, `balance`, `transactionable_id`, `transactionable_type`, `updated_at`, `created_at`) values (?, ?, ?, ?, ?, ?, ?) {"params":[5,-50.0,1050.0,7,"App\\Models\\Game","2021-05-05 15:27:13","2021-05-05 15:27:13"],"time":0.53} 
[2021-05-05 15:27:13] development.DEBUG: insert into `provably_fair_games` (`secret`, `server_seed`, `hash`, `client_seed`, `gameable_type`, `updated_at`, `created_at`) values (?, ?, ?, ?, ?, ?, ?) {"params":["HJ,D9,CJ,SQ,C4,H6,H5,S2,D4,SK,C5,C3,S7,S4,HA,CQ,C7,S9,SA,S8,D3,S5,H3,H4,S3,C6,SJ,D6,CT,HT,C9,H7,D8,D5,DQ,CK,D7,H9,S6,CA,H2,D2,DA,HK,H8,C8,DT,ST,C2,DK,HQ,DJ","SF9RPPiTyGgJ8pSz","962218ba52e0ae95260693e06d195809ec9414283ca43f95f170a92eb57a4353","38608112","Packages\\Baccarat\\Models\\Baccarat","2021-05-05 15:27:13","2021-05-05 15:27:13"],"time":45.43} 
[2021-05-05 15:27:14] development.DEBUG: select * from `users` where `users`.`id` = ? limit 1 {"params":[5],"time":89.32} 
[2021-05-05 15:27:14] development.DEBUG: select * from `users` where `users`.`id` = ? limit 1 {"params":[4],"time":0.65} 
[2021-05-05 15:27:14] development.DEBUG: select * from `accounts` where `accounts`.`user_id` = ? and `accounts`.`user_id` is not null limit 1 {"params":[4],"time":0.67} 
[2021-05-05 15:27:14] development.DEBUG: insert into `affiliate_commissions` (`account_id`, `referral_account_id`, `tier`, `type`, `status`, `amount`, `ip`, `commissionable_id`, `commissionable_type`, `updated_at`, `created_at`) values (?, ?, ?, ?, ?, ?, ?, ?, ?, ?, ?) {"params":[4,5,1,2,0,5.0,"127.0.0.1",7,"App\\Models\\Game","2021-05-05 15:27:14","2021-05-05 15:27:14"],"time":54.1} 
[2021-05-05 15:27:14] development.DEBUG: select * from `users` where `users`.`id` = ? limit 1 {"params":[1],"time":0.68} 
[2021-05-05 15:27:14] development.DEBUG: select * from `accounts` where `accounts`.`user_id` = ? and `accounts`.`user_id` is not null limit 1 {"params":[1],"time":0.52} 
[2021-05-05 15:27:14] development.DEBUG: insert into `affiliate_commissions` (`account_id`, `referral_account_id`, `tier`, `type`, `status`, `amount`, `ip`, `commissionable_id`, `commissionable_type`, `updated_at`, `created_at`) values (?, ?, ?, ?, ?, ?, ?, ?, ?, ?, ?) {"params":[1,5,2,2,0,2.5,"127.0.0.1",7,"App\\Models\\Game","2021-05-05 15:27:14","2021-05-05 15:27:14"],"time":66.27} 
[2021-05-05 15:27:39] development.DEBUG: select * from `users` where `id` = ? limit 1 {"params":[4],"time":24.65} 
[2021-05-05 15:27:39] development.DEBUG: select * from `accounts` where `accounts`.`user_id` in (4) {"params":[],"time":34.25} 
[2021-05-05 15:27:39] development.DEBUG: select * from `social_profiles` where `social_profiles`.`user_id` in (4) {"params":[],"time":0.48} 
[2021-05-05 15:27:39] development.DEBUG: select count(*) as aggregate from `games` where `games`.`status` = ? {"params":[1],"time":15.44} 
[2021-05-05 15:27:39] development.DEBUG: select * from `games` where `games`.`status` = ? and `games`.`win` > ? order by `id` desc limit 1 {"params":[1,"games.bet"],"time":0.68} 
[2021-05-05 15:27:39] development.DEBUG: select `id`, `user_id` from `accounts` where `accounts`.`id` in (5) {"params":[],"time":0.5} 
[2021-05-05 15:27:39] development.DEBUG: select `id`, `name`, `avatar` from `users` where `users`.`id` in (5) {"params":[],"time":0.47} 
[2021-05-05 15:27:40] development.DEBUG: select * from `users` where `id` = ? limit 1 {"params":[4],"time":10.52} 
[2021-05-05 15:27:40] development.DEBUG: select * from `accounts` where `accounts`.`user_id` = ? and `accounts`.`user_id` is not null limit 1 {"params":[4],"time":0.8} 
[2021-05-05 15:27:40] development.DEBUG: select count(*) as aggregate from `affiliate_commissions` {"params":[],"time":12.51} 
[2021-05-05 15:27:40] development.DEBUG: select * from `affiliate_commissions` where `account_id` = ? order by id desc limit 10 offset 0 {"params":[4],"time":0.83} 
[2021-05-05 15:27:40] development.DEBUG: select * from `accounts` where `accounts`.`id` in (4) {"params":[],"time":0.58} 
[2021-05-05 15:27:40] development.DEBUG: select * from `users` where `users`.`id` in (4) {"params":[],"time":0.54} 
[2021-05-05 15:28:21] development.DEBUG: select * from `users` where `id` = ? limit 1 {"params":[1],"time":12.01} 
[2021-05-05 15:28:21] development.DEBUG: select * from `accounts` where `accounts`.`user_id` in (1) {"params":[],"time":0.63} 
[2021-05-05 15:28:21] development.DEBUG: select * from `social_profiles` where `social_profiles`.`user_id` in (1) {"params":[],"time":0.55} 
[2021-05-05 15:28:21] development.DEBUG: select count(*) as aggregate from `games` where `games`.`status` = ? {"params":[1],"time":0.55} 
[2021-05-05 15:28:21] development.DEBUG: select * from `games` where `games`.`status` = ? and `games`.`win` > ? order by `id` desc limit 1 {"params":[1,"games.bet"],"time":0.77} 
[2021-05-05 15:28:21] development.DEBUG: select `id`, `user_id` from `accounts` where `accounts`.`id` in (5) {"params":[],"time":0.57} 
[2021-05-05 15:28:21] development.DEBUG: select `id`, `name`, `avatar` from `users` where `users`.`id` in (5) {"params":[],"time":0.87} 
[2021-05-05 15:28:23] development.DEBUG: select * from `users` where `id` = ? limit 1 {"params":[1],"time":9.92} 
[2021-05-05 15:28:23] development.DEBUG: select count(*) as aggregate from `accounts` {"params":[],"time":0.52} 
[2021-05-05 15:28:23] development.DEBUG: select * from `accounts` order by id desc limit 10 offset 0 {"params":[],"time":0.39} 
[2021-05-05 15:28:23] development.DEBUG: select * from `users` where `users`.`id` in (1, 2, 3, 4, 5) {"params":[],"time":28.09} 
[2021-05-05 15:28:30] development.DEBUG: select * from `users` where `id` = ? limit 1 {"params":[1],"time":10.71} 
[2021-05-05 15:28:30] development.DEBUG: select `users`.`id` as `id`, `users`.`name` as `name`, `tier1`.`id` as `tier1_id`, `tier1`.`name` as `tier1_name`, `tier2`.`id` as `tier2_id`, `tier2`.`name` as `tier2_name`, `tier3`.`id` as `tier3_id`, `tier3`.`name` as `tier3_name` from `users` inner join `users` as `tier1` on `tier1`.`referrer_id` = `users`.`id` left join `users` as `tier2` on `tier2`.`referrer_id` = `tier1`.`id` left join `users` as `tier3` on `tier3`.`referrer_id` = `tier2`.`id` where `users`.`referrer_id` is null order by `users`.`id` asc {"params":[],"time":0.67} 
[2021-05-05 15:28:33] development.DEBUG: select * from `users` where `id` = ? limit 1 {"params":[1],"time":34.23} 
[2021-05-05 15:28:33] development.DEBUG: select count(*) as aggregate from `affiliate_commissions` {"params":[],"time":0.59} 
[2021-05-05 15:28:33] development.DEBUG: select * from `affiliate_commissions` order by id desc limit 10 offset 0 {"params":[],"time":0.51} 
[2021-05-05 15:28:33] development.DEBUG: select * from `accounts` where `accounts`.`id` in (1, 4) {"params":[],"time":0.63} 
[2021-05-05 15:28:33] development.DEBUG: select * from `users` where `users`.`id` in (1, 4) {"params":[],"time":1.56} 
[2021-05-05 16:04:46] development.DEBUG: select * from `users` where `id` = ? limit 1 {"params":[1],"time":14.01} 
[2021-05-05 16:04:46] development.DEBUG: select * from `accounts` where `accounts`.`user_id` = ? and `accounts`.`user_id` is not null limit 1 {"params":[1],"time":0.72} 
[2021-05-05 16:04:46] development.DEBUG: select count(*) as aggregate from `affiliate_commissions` {"params":[],"time":0.6} 
[2021-05-05 16:04:46] development.DEBUG: select * from `affiliate_commissions` where `account_id` = ? order by id desc limit 10 offset 0 {"params":[1],"time":0.88} 
[2021-05-05 16:04:46] development.DEBUG: select * from `accounts` where `accounts`.`id` in (1) {"params":[],"time":0.62} 
[2021-05-05 16:04:46] development.DEBUG: select * from `users` where `users`.`id` in (1) {"params":[],"time":0.64} 
[2021-05-05 16:04:48] development.DEBUG: select * from `users` where `id` = ? limit 1 {"params":[1],"time":28.9} 
[2021-05-05 16:04:48] development.DEBUG: select COUNT(DISTINCT tier1.id) AS tier1_count, 
            COUNT(DISTINCT tier2.id) AS tier2_count, 
            COUNT(DISTINCT tier3.id) AS tier3_count from `users` left join `users` as `tier1` on `tier1`.`referrer_id` = `users`.`id` left join `users` as `tier2` on `tier2`.`referrer_id` = `tier1`.`id` left join `users` as `tier3` on `tier3`.`referrer_id` = `tier2`.`id` where `users`.`id` = ? group by `users`.`id` {"params":[1],"time":0.98} 
[2021-05-05 16:04:48] development.DEBUG: select * from `accounts` where `accounts`.`user_id` = ? and `accounts`.`user_id` is not null limit 1 {"params":[1],"time":0.49} 
[2021-05-05 16:04:48] development.DEBUG: select `type`, SUM(amount) AS commissions_total from `affiliate_commissions` where `account_id` = ? group by `type` order by `type` asc {"params":[1],"time":0.5} 
[2021-05-05 16:04:48] development.DEBUG: select `tier`, SUM(amount) AS commissions_total from `affiliate_commissions` where `account_id` = ? group by `tier` order by `tier` asc {"params":[1],"time":0.46} 
[2021-05-05 16:07:07] development.DEBUG: select * from `users` where `id` = ? limit 1 {"params":[1],"time":22.67} 
[2021-05-05 16:07:07] development.DEBUG: select count(*) as aggregate from `accounts` {"params":[],"time":0.61} 
[2021-05-05 16:07:07] development.DEBUG: select * from `accounts` order by id desc limit 10 offset 0 {"params":[],"time":0.39} 
[2021-05-05 16:07:07] development.DEBUG: select * from `users` where `users`.`id` in (1, 2, 3, 4, 5) {"params":[],"time":0.76} 
[2021-05-05 16:07:18] development.DEBUG: select * from `users` where `id` = ? limit 1 {"params":[1],"time":10.36} 
[2021-05-05 16:07:18] development.DEBUG: select count(*) as aggregate from `users` {"params":[],"time":0.63} 
[2021-05-05 16:07:18] development.DEBUG: select * from `users` order by id desc limit 10 offset 0 {"params":[],"time":0.55} 
[2021-05-05 16:07:18] development.DEBUG: select * from `social_profiles` where `social_profiles`.`user_id` in (1, 2, 3, 4, 5) {"params":[],"time":37.33} 
[2021-05-05 16:07:18] development.DEBUG: select * from `users` where `users`.`id` in (1, 4) {"params":[],"time":0.72} 
[2021-05-05 16:07:21] development.DEBUG: select * from `users` where `id` = ? limit 1 {"params":[1],"time":7.28} 
[2021-05-05 16:07:21] development.DEBUG: select `users`.`id` as `id`, `users`.`name` as `name`, `tier1`.`id` as `tier1_id`, `tier1`.`name` as `tier1_name`, `tier2`.`id` as `tier2_id`, `tier2`.`name` as `tier2_name`, `tier3`.`id` as `tier3_id`, `tier3`.`name` as `tier3_name` from `users` inner join `users` as `tier1` on `tier1`.`referrer_id` = `users`.`id` left join `users` as `tier2` on `tier2`.`referrer_id` = `tier1`.`id` left join `users` as `tier3` on `tier3`.`referrer_id` = `tier2`.`id` where `users`.`referrer_id` is null order by `users`.`id` asc {"params":[],"time":0.93} 
[2021-05-05 16:07:28] development.DEBUG: select * from `users` where `id` = ? limit 1 {"params":[1],"time":33.78} 
[2021-05-05 16:07:28] development.DEBUG: select * from `users` where `id` = ? limit 1 {"params":["4"],"time":0.63} 
[2021-05-05 16:07:28] development.DEBUG: select * from `users` where `users`.`id` in (1) {"params":[],"time":0.6} 
[2021-05-05 16:07:30] development.DEBUG: select * from `users` where `id` = ? limit 1 {"params":[1],"time":30.75} 
[2021-05-05 16:07:30] development.DEBUG: select `users`.`id` as `id`, `users`.`name` as `name`, `tier1`.`id` as `tier1_id`, `tier1`.`name` as `tier1_name`, `tier2`.`id` as `tier2_id`, `tier2`.`name` as `tier2_name`, `tier3`.`id` as `tier3_id`, `tier3`.`name` as `tier3_name` from `users` inner join `users` as `tier1` on `tier1`.`referrer_id` = `users`.`id` left join `users` as `tier2` on `tier2`.`referrer_id` = `tier1`.`id` left join `users` as `tier3` on `tier3`.`referrer_id` = `tier2`.`id` where `users`.`referrer_id` is null order by `users`.`id` asc {"params":[],"time":0.63} 
