[2021-05-08 07:18:57] development.DEBUG: select count(*) as aggregate from `games` where `games`.`status` = ? {"params":[1],"time":405.85} 
[2021-05-08 07:18:57] development.DEBUG: select * from `games` where `games`.`status` = ? and `games`.`win` > ? order by `id` desc limit 1 {"params":[1,"games.bet"],"time":1.18} 
[2021-05-08 07:18:58] development.DEBUG: select `id`, `user_id` from `accounts` where `accounts`.`id` in (5) {"params":[],"time":109.13} 
[2021-05-08 07:18:58] development.DEBUG: select `id`, `name`, `avatar` from `users` where `users`.`id` in (5) {"params":[],"time":112.72} 
[2021-05-08 07:19:16] development.DEBUG: select * from `users` where `email` = ? and `status` = ? limit 1 {"params":["admin@gmail.com",0],"time":29.86} 
[2021-05-08 07:19:16] development.DEBUG: update `users` set `last_login_at` = ?, `users`.`updated_at` = ? where `id` = ? {"params":["2021-05-08 07:19:16","2021-05-08 07:19:16",1],"time":211.33} 
[2021-05-08 07:19:16] development.DEBUG: select * from `accounts` where `accounts`.`user_id` = ? and `accounts`.`user_id` is not null limit 1 {"params":[1],"time":9.75} 
[2021-05-08 07:19:16] development.DEBUG: select * from `social_profiles` where `social_profiles`.`user_id` in (1) {"params":[],"time":7.87} 
[2021-05-08 07:19:17] development.DEBUG: select * from `users` where `id` = ? limit 1 {"params":[1],"time":24.85} 
[2021-05-08 07:19:18] development.DEBUG: select * from `users` where `id` = ? limit 1 {"params":[1],"time":35.48} 
[2021-05-08 07:19:18] development.DEBUG: select * from `games` where `games`.`status` = ? order by `created_at` desc limit 10 {"params":[1],"time":0.83} 
[2021-05-08 07:19:18] development.DEBUG: select `id`, `user_id` from `accounts` where `accounts`.`id` in (1, 5) {"params":[],"time":0.61} 
[2021-05-08 07:19:18] development.DEBUG: select `id`, `name`, `email`, `avatar` from `users` where `users`.`id` in (1, 5) {"params":[],"time":0.43} 
[2021-05-08 07:19:30] development.DEBUG: select * from `users` where `id` = ? limit 1 {"params":[1],"time":19.33} 
[2021-05-08 07:19:31] development.DEBUG: select * from `accounts` where `accounts`.`user_id` = ? and `accounts`.`user_id` is not null limit 1 {"params":[1],"time":0.66} 
[2021-05-08 07:19:31] development.DEBUG: select count(*) as aggregate from `account_transactions` {"params":[],"time":15.52} 
[2021-05-08 07:19:31] development.DEBUG: select * from `account_transactions` where `account_id` = ? order by id desc limit 10 offset 0 {"params":[1],"time":2.08} 
[2021-05-08 07:19:31] development.DEBUG: select * from `bonuses` where `bonuses`.`id` in (4, 1) {"params":[],"time":0.67} 
[2021-05-08 07:19:31] development.DEBUG: select * from `games` where `games`.`id` in (4, 3, 2, 1) {"params":[],"time":0.69} 
[2021-05-08 07:19:33] development.DEBUG: select * from `users` where `id` = ? limit 1 {"params":[1],"time":29.33} 
[2021-05-08 07:19:33] development.DEBUG: select * from `accounts` where `accounts`.`user_id` in (1) {"params":[],"time":0.75} 
[2021-05-08 07:19:33] development.DEBUG: select * from `social_profiles` where `social_profiles`.`user_id` in (1) {"params":[],"time":0.78} 
[2021-05-08 07:19:33] development.DEBUG: select count(*) as aggregate from `games` where `games`.`status` = ? {"params":[1],"time":0.62} 
[2021-05-08 07:19:33] development.DEBUG: select * from `games` where `games`.`status` = ? and `games`.`win` > ? order by `id` desc limit 1 {"params":[1,"games.bet"],"time":0.74} 
[2021-05-08 07:19:33] development.DEBUG: select `id`, `user_id` from `accounts` where `accounts`.`id` in (5) {"params":[],"time":0.49} 
[2021-05-08 07:19:33] development.DEBUG: select `id`, `name`, `avatar` from `users` where `users`.`id` in (5) {"params":[],"time":0.45} 
[2021-05-08 07:19:33] development.DEBUG: select * from `users` where `id` = ? limit 1 {"params":[1],"time":20.87} 
[2021-05-08 07:19:33] development.DEBUG: select * from `accounts` where `accounts`.`user_id` in (1) {"params":[],"time":0.68} 
[2021-05-08 07:19:33] development.DEBUG: select * from `social_profiles` where `social_profiles`.`user_id` in (1) {"params":[],"time":0.58} 
[2021-05-08 07:19:33] development.DEBUG: select count(*) as aggregate from `games` where `games`.`status` = ? {"params":[1],"time":0.54} 
[2021-05-08 07:19:33] development.DEBUG: select * from `games` where `games`.`status` = ? and `games`.`win` > ? order by `id` desc limit 1 {"params":[1,"games.bet"],"time":0.56} 
[2021-05-08 07:19:33] development.DEBUG: select `id`, `user_id` from `accounts` where `accounts`.`id` in (5) {"params":[],"time":0.49} 
[2021-05-08 07:19:33] development.DEBUG: select `id`, `name`, `avatar` from `users` where `users`.`id` in (5) {"params":[],"time":0.46} 
[2021-05-08 07:19:34] development.DEBUG: select * from `users` where `id` = ? limit 1 {"params":[1],"time":32.93} 
[2021-05-08 07:19:34] development.DEBUG: select * from `accounts` where `accounts`.`user_id` in (1) {"params":[],"time":0.59} 
[2021-05-08 07:19:34] development.DEBUG: select * from `social_profiles` where `social_profiles`.`user_id` in (1) {"params":[],"time":0.49} 
[2021-05-08 07:19:34] development.DEBUG: select count(*) as aggregate from `games` where `games`.`status` = ? {"params":[1],"time":0.5} 
[2021-05-08 07:19:34] development.DEBUG: select * from `games` where `games`.`status` = ? and `games`.`win` > ? order by `id` desc limit 1 {"params":[1,"games.bet"],"time":0.52} 
[2021-05-08 07:19:34] development.DEBUG: select `id`, `user_id` from `accounts` where `accounts`.`id` in (5) {"params":[],"time":0.47} 
[2021-05-08 07:19:34] development.DEBUG: select `id`, `name`, `avatar` from `users` where `users`.`id` in (5) {"params":[],"time":0.4} 
[2021-05-08 07:19:35] development.DEBUG: select * from `users` where `id` = ? limit 1 {"params":[1],"time":12.43} 
[2021-05-08 07:19:35] development.DEBUG: select * from `accounts` where `accounts`.`user_id` in (1) {"params":[],"time":0.52} 
[2021-05-08 07:19:35] development.DEBUG: select * from `social_profiles` where `social_profiles`.`user_id` in (1) {"params":[],"time":0.63} 
[2021-05-08 07:19:35] development.DEBUG: select count(*) as aggregate from `games` where `games`.`status` = ? {"params":[1],"time":0.54} 
[2021-05-08 07:19:35] development.DEBUG: select * from `games` where `games`.`status` = ? and `games`.`win` > ? order by `id` desc limit 1 {"params":[1,"games.bet"],"time":0.5} 
[2021-05-08 07:19:35] development.DEBUG: select `id`, `user_id` from `accounts` where `accounts`.`id` in (5) {"params":[],"time":0.51} 
[2021-05-08 07:19:35] development.DEBUG: select `id`, `name`, `avatar` from `users` where `users`.`id` in (5) {"params":[],"time":0.42} 
[2021-05-08 07:19:35] development.DEBUG: select * from `users` where `id` = ? limit 1 {"params":[1],"time":8.71} 
[2021-05-08 07:19:35] development.DEBUG: select `users`.`id` as `id`, `users`.`name` as `name`, `tier1`.`id` as `tier1_id`, `tier1`.`name` as `tier1_name`, `tier2`.`id` as `tier2_id`, `tier2`.`name` as `tier2_name`, `tier3`.`id` as `tier3_id`, `tier3`.`name` as `tier3_name` from `users` inner join `users` as `tier1` on `tier1`.`referrer_id` = `users`.`id` left join `users` as `tier2` on `tier2`.`referrer_id` = `tier1`.`id` left join `users` as `tier3` on `tier3`.`referrer_id` = `tier2`.`id` where `users`.`referrer_id` is null order by `users`.`id` asc {"params":[],"time":18.42} 
[2021-05-08 07:19:36] development.DEBUG: select * from `users` where `id` = ? limit 1 {"params":[1],"time":9.92} 
[2021-05-08 07:19:36] development.DEBUG: select * from `accounts` where `accounts`.`user_id` in (1) {"params":[],"time":0.55} 
[2021-05-08 07:19:36] development.DEBUG: select * from `social_profiles` where `social_profiles`.`user_id` in (1) {"params":[],"time":0.49} 
[2021-05-08 07:19:36] development.DEBUG: select count(*) as aggregate from `games` where `games`.`status` = ? {"params":[1],"time":0.54} 
[2021-05-08 07:19:36] development.DEBUG: select * from `games` where `games`.`status` = ? and `games`.`win` > ? order by `id` desc limit 1 {"params":[1,"games.bet"],"time":0.55} 
[2021-05-08 07:19:36] development.DEBUG: select `id`, `user_id` from `accounts` where `accounts`.`id` in (5) {"params":[],"time":0.5} 
[2021-05-08 07:19:36] development.DEBUG: select `id`, `name`, `avatar` from `users` where `users`.`id` in (5) {"params":[],"time":0.4} 
[2021-05-08 07:19:36] development.DEBUG: select * from `users` where `id` = ? limit 1 {"params":[1],"time":28.25} 
[2021-05-08 07:19:36] development.DEBUG: select * from `accounts` where `accounts`.`user_id` in (1) {"params":[],"time":0.52} 
[2021-05-08 07:19:36] development.DEBUG: select * from `social_profiles` where `social_profiles`.`user_id` in (1) {"params":[],"time":0.47} 
[2021-05-08 07:19:36] development.DEBUG: select count(*) as aggregate from `games` where `games`.`status` = ? {"params":[1],"time":0.48} 
[2021-05-08 07:19:36] development.DEBUG: select * from `games` where `games`.`status` = ? and `games`.`win` > ? order by `id` desc limit 1 {"params":[1,"games.bet"],"time":0.51} 
[2021-05-08 07:19:36] development.DEBUG: select `id`, `user_id` from `accounts` where `accounts`.`id` in (5) {"params":[],"time":0.43} 
[2021-05-08 07:19:36] development.DEBUG: select `id`, `name`, `avatar` from `users` where `users`.`id` in (5) {"params":[],"time":0.42} 
[2021-05-08 07:19:37] development.DEBUG: select * from `users` where `id` = ? limit 1 {"params":[1],"time":7.77} 
[2021-05-08 07:19:37] development.DEBUG: select * from `accounts` where `accounts`.`user_id` in (1) {"params":[],"time":0.53} 
[2021-05-08 07:19:37] development.DEBUG: select * from `social_profiles` where `social_profiles`.`user_id` in (1) {"params":[],"time":0.52} 
[2021-05-08 07:19:37] development.DEBUG: select count(*) as aggregate from `games` where `games`.`status` = ? {"params":[1],"time":0.62} 
[2021-05-08 07:19:37] development.DEBUG: select * from `games` where `games`.`status` = ? and `games`.`win` > ? order by `id` desc limit 1 {"params":[1,"games.bet"],"time":0.64} 
[2021-05-08 07:19:37] development.DEBUG: select `id`, `user_id` from `accounts` where `accounts`.`id` in (5) {"params":[],"time":0.75} 
[2021-05-08 07:19:37] development.DEBUG: select `id`, `name`, `avatar` from `users` where `users`.`id` in (5) {"params":[],"time":0.6} 
[2021-05-08 07:19:37] development.DEBUG: select * from `users` where `id` = ? limit 1 {"params":[1],"time":9.46} 
[2021-05-08 07:19:37] development.DEBUG: select * from `accounts` where `accounts`.`user_id` in (1) {"params":[],"time":0.53} 
[2021-05-08 07:19:37] development.DEBUG: select * from `social_profiles` where `social_profiles`.`user_id` in (1) {"params":[],"time":0.51} 
[2021-05-08 07:19:37] development.DEBUG: select count(*) as aggregate from `games` where `games`.`status` = ? {"params":[1],"time":0.53} 
[2021-05-08 07:19:37] development.DEBUG: select * from `games` where `games`.`status` = ? and `games`.`win` > ? order by `id` desc limit 1 {"params":[1,"games.bet"],"time":0.67} 
[2021-05-08 07:19:37] development.DEBUG: select `id`, `user_id` from `accounts` where `accounts`.`id` in (5) {"params":[],"time":0.53} 
[2021-05-08 07:19:37] development.DEBUG: select `id`, `name`, `avatar` from `users` where `users`.`id` in (5) {"params":[],"time":0.46} 
[2021-05-08 07:19:38] development.DEBUG: select * from `users` where `id` = ? limit 1 {"params":[1],"time":34.54} 
[2021-05-08 07:19:38] development.DEBUG: select count(*) as aggregate from `affiliate_commissions` {"params":[],"time":12.27} 
[2021-05-08 07:19:38] development.DEBUG: select * from `affiliate_commissions` order by id desc limit 10 offset 0 {"params":[],"time":0.89} 
[2021-05-08 07:19:38] development.DEBUG: select * from `accounts` where `accounts`.`id` in (1, 4) {"params":[],"time":0.62} 
[2021-05-08 07:19:38] development.DEBUG: select * from `users` where `users`.`id` in (1, 4) {"params":[],"time":0.55} 
[2021-05-08 07:19:40] development.DEBUG: select * from `users` where `id` = ? limit 1 {"params":[1],"time":22.68} 
[2021-05-08 07:19:40] development.DEBUG: select * from `accounts` where `accounts`.`user_id` in (1) {"params":[],"time":0.71} 
[2021-05-08 07:19:40] development.DEBUG: select * from `social_profiles` where `social_profiles`.`user_id` in (1) {"params":[],"time":0.69} 
[2021-05-08 07:19:40] development.DEBUG: select count(*) as aggregate from `games` where `games`.`status` = ? {"params":[1],"time":0.7} 
[2021-05-08 07:19:40] development.DEBUG: select * from `games` where `games`.`status` = ? and `games`.`win` > ? order by `id` desc limit 1 {"params":[1,"games.bet"],"time":0.59} 
[2021-05-08 07:19:40] development.DEBUG: select `id`, `user_id` from `accounts` where `accounts`.`id` in (5) {"params":[],"time":0.56} 
[2021-05-08 07:19:40] development.DEBUG: select `id`, `name`, `avatar` from `users` where `users`.`id` in (5) {"params":[],"time":0.49} 
[2021-05-08 07:19:40] development.DEBUG: select * from `users` where `id` = ? limit 1 {"params":[1],"time":8.52} 
[2021-05-08 07:19:40] development.DEBUG: select * from `accounts` where `accounts`.`user_id` in (1) {"params":[],"time":0.72} 
[2021-05-08 07:19:40] development.DEBUG: select * from `social_profiles` where `social_profiles`.`user_id` in (1) {"params":[],"time":0.7} 
[2021-05-08 07:19:40] development.DEBUG: select count(*) as aggregate from `games` where `games`.`status` = ? {"params":[1],"time":0.71} 
[2021-05-08 07:19:40] development.DEBUG: select * from `games` where `games`.`status` = ? and `games`.`win` > ? order by `id` desc limit 1 {"params":[1,"games.bet"],"time":0.69} 
[2021-05-08 07:19:40] development.DEBUG: select `id`, `user_id` from `accounts` where `accounts`.`id` in (5) {"params":[],"time":0.51} 
[2021-05-08 07:19:40] development.DEBUG: select `id`, `name`, `avatar` from `users` where `users`.`id` in (5) {"params":[],"time":0.47} 
[2021-05-08 07:19:41] development.DEBUG: select * from `users` where `id` = ? limit 1 {"params":[1],"time":21.58} 
[2021-05-08 07:19:41] development.DEBUG: select * from `accounts` where `accounts`.`user_id` in (1) {"params":[],"time":0.88} 
[2021-05-08 07:19:41] development.DEBUG: select * from `social_profiles` where `social_profiles`.`user_id` in (1) {"params":[],"time":0.78} 
[2021-05-08 07:19:41] development.DEBUG: select count(*) as aggregate from `games` where `games`.`status` = ? {"params":[1],"time":0.8} 
[2021-05-08 07:19:41] development.DEBUG: select * from `games` where `games`.`status` = ? and `games`.`win` > ? order by `id` desc limit 1 {"params":[1,"games.bet"],"time":0.67} 
[2021-05-08 07:19:41] development.DEBUG: select `id`, `user_id` from `accounts` where `accounts`.`id` in (5) {"params":[],"time":0.49} 
[2021-05-08 07:19:41] development.DEBUG: select `id`, `name`, `avatar` from `users` where `users`.`id` in (5) {"params":[],"time":0.4} 
[2021-05-08 07:19:41] development.DEBUG: select * from `users` where `id` = ? limit 1 {"params":[1],"time":8.86} 
[2021-05-08 07:19:41] development.DEBUG: select * from `accounts` where `accounts`.`user_id` in (1) {"params":[],"time":0.58} 
[2021-05-08 07:19:41] development.DEBUG: select * from `social_profiles` where `social_profiles`.`user_id` in (1) {"params":[],"time":0.52} 
[2021-05-08 07:19:41] development.DEBUG: select count(*) as aggregate from `games` where `games`.`status` = ? {"params":[1],"time":0.49} 
[2021-05-08 07:19:41] development.DEBUG: select * from `games` where `games`.`status` = ? and `games`.`win` > ? order by `id` desc limit 1 {"params":[1,"games.bet"],"time":0.46} 
[2021-05-08 07:19:41] development.DEBUG: select `id`, `user_id` from `accounts` where `accounts`.`id` in (5) {"params":[],"time":0.42} 
[2021-05-08 07:19:41] development.DEBUG: select `id`, `name`, `avatar` from `users` where `users`.`id` in (5) {"params":[],"time":0.39} 
[2021-05-08 07:19:42] development.DEBUG: select * from `users` where `id` = ? limit 1 {"params":[1],"time":14.88} 
[2021-05-08 07:19:42] development.DEBUG: select * from `accounts` where `accounts`.`user_id` in (1) {"params":[],"time":0.79} 
[2021-05-08 07:19:42] development.DEBUG: select * from `social_profiles` where `social_profiles`.`user_id` in (1) {"params":[],"time":0.66} 
[2021-05-08 07:19:42] development.DEBUG: select count(*) as aggregate from `games` where `games`.`status` = ? {"params":[1],"time":0.75} 
[2021-05-08 07:19:42] development.DEBUG: select * from `games` where `games`.`status` = ? and `games`.`win` > ? order by `id` desc limit 1 {"params":[1,"games.bet"],"time":0.73} 
[2021-05-08 07:19:42] development.DEBUG: select `id`, `user_id` from `accounts` where `accounts`.`id` in (5) {"params":[],"time":0.59} 
[2021-05-08 07:19:42] development.DEBUG: select `id`, `name`, `avatar` from `users` where `users`.`id` in (5) {"params":[],"time":0.5} 
[2021-05-08 07:19:42] development.DEBUG: select * from `users` where `id` = ? limit 1 {"params":[1],"time":12.78} 
[2021-05-08 07:19:42] development.DEBUG: select * from `accounts` where `accounts`.`user_id` in (1) {"params":[],"time":0.5} 
[2021-05-08 07:19:42] development.DEBUG: select * from `social_profiles` where `social_profiles`.`user_id` in (1) {"params":[],"time":0.48} 
[2021-05-08 07:19:42] development.DEBUG: select count(*) as aggregate from `games` where `games`.`status` = ? {"params":[1],"time":0.49} 
[2021-05-08 07:19:42] development.DEBUG: select * from `games` where `games`.`status` = ? and `games`.`win` > ? order by `id` desc limit 1 {"params":[1,"games.bet"],"time":0.48} 
[2021-05-08 07:19:42] development.DEBUG: select `id`, `user_id` from `accounts` where `accounts`.`id` in (5) {"params":[],"time":0.45} 
[2021-05-08 07:19:42] development.DEBUG: select `id`, `name`, `avatar` from `users` where `users`.`id` in (5) {"params":[],"time":0.42} 
[2021-05-08 07:19:43] development.DEBUG: select * from `users` where `id` = ? limit 1 {"params":[1],"time":17.47} 
[2021-05-08 07:19:43] development.DEBUG: select * from `accounts` where `accounts`.`user_id` in (1) {"params":[],"time":0.67} 
[2021-05-08 07:19:43] development.DEBUG: select * from `social_profiles` where `social_profiles`.`user_id` in (1) {"params":[],"time":0.64} 
[2021-05-08 07:19:43] development.DEBUG: select count(*) as aggregate from `games` where `games`.`status` = ? {"params":[1],"time":0.6} 
[2021-05-08 07:19:43] development.DEBUG: select * from `games` where `games`.`status` = ? and `games`.`win` > ? order by `id` desc limit 1 {"params":[1,"games.bet"],"time":0.63} 
[2021-05-08 07:19:43] development.DEBUG: select `id`, `user_id` from `accounts` where `accounts`.`id` in (5) {"params":[],"time":0.5} 
[2021-05-08 07:19:43] development.DEBUG: select `id`, `name`, `avatar` from `users` where `users`.`id` in (5) {"params":[],"time":0.59} 
[2021-05-08 07:19:43] development.DEBUG: select * from `users` where `id` = ? limit 1 {"params":[1],"time":21.79} 
[2021-05-08 07:19:43] development.DEBUG: select * from `accounts` where `accounts`.`user_id` in (1) {"params":[],"time":0.58} 
[2021-05-08 07:19:43] development.DEBUG: select * from `social_profiles` where `social_profiles`.`user_id` in (1) {"params":[],"time":0.53} 
[2021-05-08 07:19:43] development.DEBUG: select count(*) as aggregate from `games` where `games`.`status` = ? {"params":[1],"time":0.44} 
[2021-05-08 07:19:43] development.DEBUG: select * from `games` where `games`.`status` = ? and `games`.`win` > ? order by `id` desc limit 1 {"params":[1,"games.bet"],"time":0.46} 
[2021-05-08 07:19:43] development.DEBUG: select `id`, `user_id` from `accounts` where `accounts`.`id` in (5) {"params":[],"time":0.39} 
[2021-05-08 07:19:43] development.DEBUG: select `id`, `name`, `avatar` from `users` where `users`.`id` in (5) {"params":[],"time":0.33} 
[2021-05-08 07:19:44] development.DEBUG: select * from `users` where `id` = ? limit 1 {"params":[1],"time":16.8} 
[2021-05-08 07:19:44] development.DEBUG: select * from `accounts` where `accounts`.`user_id` in (1) {"params":[],"time":0.77} 
[2021-05-08 07:19:44] development.DEBUG: select * from `social_profiles` where `social_profiles`.`user_id` in (1) {"params":[],"time":0.61} 
[2021-05-08 07:19:44] development.DEBUG: select count(*) as aggregate from `games` where `games`.`status` = ? {"params":[1],"time":0.63} 
[2021-05-08 07:19:44] development.DEBUG: select * from `games` where `games`.`status` = ? and `games`.`win` > ? order by `id` desc limit 1 {"params":[1,"games.bet"],"time":0.65} 
[2021-05-08 07:19:44] development.DEBUG: select `id`, `user_id` from `accounts` where `accounts`.`id` in (5) {"params":[],"time":0.55} 
[2021-05-08 07:19:44] development.DEBUG: select `id`, `name`, `avatar` from `users` where `users`.`id` in (5) {"params":[],"time":0.55} 
[2021-05-08 07:19:44] development.DEBUG: select * from `users` where `id` = ? limit 1 {"params":[1],"time":8.83} 
[2021-05-08 07:19:44] development.DEBUG: select * from `accounts` where `accounts`.`user_id` in (1) {"params":[],"time":0.66} 
[2021-05-08 07:19:44] development.DEBUG: select * from `social_profiles` where `social_profiles`.`user_id` in (1) {"params":[],"time":0.57} 
[2021-05-08 07:19:44] development.DEBUG: select count(*) as aggregate from `games` where `games`.`status` = ? {"params":[1],"time":0.5} 
[2021-05-08 07:19:44] development.DEBUG: select * from `games` where `games`.`status` = ? and `games`.`win` > ? order by `id` desc limit 1 {"params":[1,"games.bet"],"time":0.47} 
[2021-05-08 07:19:44] development.DEBUG: select `id`, `user_id` from `accounts` where `accounts`.`id` in (5) {"params":[],"time":0.46} 
[2021-05-08 07:19:44] development.DEBUG: select `id`, `name`, `avatar` from `users` where `users`.`id` in (5) {"params":[],"time":0.42} 
[2021-05-08 07:19:45] development.DEBUG: select * from `users` where `id` = ? limit 1 {"params":[1],"time":18.22} 
[2021-05-08 07:19:45] development.DEBUG: select * from `accounts` where `accounts`.`user_id` in (1) {"params":[],"time":0.66} 
[2021-05-08 07:19:45] development.DEBUG: select * from `social_profiles` where `social_profiles`.`user_id` in (1) {"params":[],"time":0.57} 
[2021-05-08 07:19:45] development.DEBUG: select count(*) as aggregate from `games` where `games`.`status` = ? {"params":[1],"time":0.63} 
[2021-05-08 07:19:45] development.DEBUG: select * from `games` where `games`.`status` = ? and `games`.`win` > ? order by `id` desc limit 1 {"params":[1,"games.bet"],"time":0.65} 
[2021-05-08 07:19:45] development.DEBUG: select `id`, `user_id` from `accounts` where `accounts`.`id` in (5) {"params":[],"time":0.57} 
[2021-05-08 07:19:45] development.DEBUG: select `id`, `name`, `avatar` from `users` where `users`.`id` in (5) {"params":[],"time":0.51} 
[2021-05-08 07:19:45] development.DEBUG: select * from `users` where `id` = ? limit 1 {"params":[1],"time":8.03} 
[2021-05-08 07:19:45] development.DEBUG: select * from `accounts` where `accounts`.`user_id` in (1) {"params":[],"time":0.6} 
[2021-05-08 07:19:45] development.DEBUG: select * from `social_profiles` where `social_profiles`.`user_id` in (1) {"params":[],"time":0.5} 
[2021-05-08 07:19:45] development.DEBUG: select count(*) as aggregate from `games` where `games`.`status` = ? {"params":[1],"time":0.52} 
[2021-05-08 07:19:45] development.DEBUG: select * from `games` where `games`.`status` = ? and `games`.`win` > ? order by `id` desc limit 1 {"params":[1,"games.bet"],"time":0.51} 
[2021-05-08 07:19:45] development.DEBUG: select `id`, `user_id` from `accounts` where `accounts`.`id` in (5) {"params":[],"time":0.41} 
[2021-05-08 07:19:45] development.DEBUG: select `id`, `name`, `avatar` from `users` where `users`.`id` in (5) {"params":[],"time":0.36} 
[2021-05-08 07:19:46] development.DEBUG: select * from `users` where `id` = ? limit 1 {"params":[1],"time":22.26} 
[2021-05-08 07:19:46] development.DEBUG: select * from `accounts` where `accounts`.`user_id` in (1) {"params":[],"time":0.57} 
[2021-05-08 07:19:46] development.DEBUG: select * from `social_profiles` where `social_profiles`.`user_id` in (1) {"params":[],"time":0.5} 
[2021-05-08 07:19:46] development.DEBUG: select count(*) as aggregate from `games` where `games`.`status` = ? {"params":[1],"time":0.44} 
[2021-05-08 07:19:46] development.DEBUG: select * from `games` where `games`.`status` = ? and `games`.`win` > ? order by `id` desc limit 1 {"params":[1,"games.bet"],"time":0.49} 
[2021-05-08 07:19:46] development.DEBUG: select `id`, `user_id` from `accounts` where `accounts`.`id` in (5) {"params":[],"time":0.42} 
[2021-05-08 07:19:46] development.DEBUG: select `id`, `name`, `avatar` from `users` where `users`.`id` in (5) {"params":[],"time":0.38} 
[2021-05-08 07:19:46] development.DEBUG: select * from `users` where `id` = ? limit 1 {"params":[1],"time":16.98} 
[2021-05-08 07:19:46] development.DEBUG: select * from `accounts` where `accounts`.`user_id` in (1) {"params":[],"time":0.56} 
[2021-05-08 07:19:46] development.DEBUG: select * from `social_profiles` where `social_profiles`.`user_id` in (1) {"params":[],"time":0.49} 
[2021-05-08 07:19:46] development.DEBUG: select count(*) as aggregate from `games` where `games`.`status` = ? {"params":[1],"time":0.51} 
[2021-05-08 07:19:46] development.DEBUG: select * from `games` where `games`.`status` = ? and `games`.`win` > ? order by `id` desc limit 1 {"params":[1,"games.bet"],"time":0.55} 
[2021-05-08 07:19:46] development.DEBUG: select `id`, `user_id` from `accounts` where `accounts`.`id` in (5) {"params":[],"time":0.46} 
[2021-05-08 07:19:46] development.DEBUG: select `id`, `name`, `avatar` from `users` where `users`.`id` in (5) {"params":[],"time":0.43} 
[2021-05-08 07:19:47] development.DEBUG: select * from `users` where `id` = ? limit 1 {"params":[1],"time":14.97} 
[2021-05-08 07:19:47] development.DEBUG: select * from `accounts` where `accounts`.`user_id` in (1) {"params":[],"time":0.62} 
[2021-05-08 07:19:47] development.DEBUG: select * from `social_profiles` where `social_profiles`.`user_id` in (1) {"params":[],"time":0.53} 
[2021-05-08 07:19:47] development.DEBUG: select count(*) as aggregate from `games` where `games`.`status` = ? {"params":[1],"time":0.59} 
[2021-05-08 07:19:47] development.DEBUG: select * from `games` where `games`.`status` = ? and `games`.`win` > ? order by `id` desc limit 1 {"params":[1,"games.bet"],"time":0.57} 
[2021-05-08 07:19:47] development.DEBUG: select `id`, `user_id` from `accounts` where `accounts`.`id` in (5) {"params":[],"time":0.52} 
[2021-05-08 07:19:47] development.DEBUG: select `id`, `name`, `avatar` from `users` where `users`.`id` in (5) {"params":[],"time":0.46} 
[2021-05-08 07:19:47] development.DEBUG: select * from `users` where `id` = ? limit 1 {"params":[1],"time":18.94} 
[2021-05-08 07:19:47] development.DEBUG: select * from `accounts` where `accounts`.`user_id` in (1) {"params":[],"time":0.69} 
[2021-05-08 07:19:47] development.DEBUG: select * from `social_profiles` where `social_profiles`.`user_id` in (1) {"params":[],"time":0.6} 
[2021-05-08 07:19:47] development.DEBUG: select count(*) as aggregate from `games` where `games`.`status` = ? {"params":[1],"time":0.6} 
[2021-05-08 07:19:47] development.DEBUG: select * from `games` where `games`.`status` = ? and `games`.`win` > ? order by `id` desc limit 1 {"params":[1,"games.bet"],"time":0.63} 
[2021-05-08 07:19:47] development.DEBUG: select `id`, `user_id` from `accounts` where `accounts`.`id` in (5) {"params":[],"time":0.47} 
[2021-05-08 07:19:47] development.DEBUG: select `id`, `name`, `avatar` from `users` where `users`.`id` in (5) {"params":[],"time":0.41} 
[2021-05-08 07:19:48] development.DEBUG: select * from `users` where `id` = ? limit 1 {"params":[1],"time":10.01} 
[2021-05-08 07:19:48] development.DEBUG: select * from `accounts` where `accounts`.`user_id` in (1) {"params":[],"time":0.7} 
[2021-05-08 07:19:48] development.DEBUG: select * from `social_profiles` where `social_profiles`.`user_id` in (1) {"params":[],"time":0.61} 
[2021-05-08 07:19:48] development.DEBUG: select count(*) as aggregate from `games` where `games`.`status` = ? {"params":[1],"time":0.59} 
[2021-05-08 07:19:48] development.DEBUG: select * from `games` where `games`.`status` = ? and `games`.`win` > ? order by `id` desc limit 1 {"params":[1,"games.bet"],"time":0.62} 
[2021-05-08 07:19:48] development.DEBUG: select `id`, `user_id` from `accounts` where `accounts`.`id` in (5) {"params":[],"time":0.46} 
[2021-05-08 07:19:48] development.DEBUG: select `id`, `name`, `avatar` from `users` where `users`.`id` in (5) {"params":[],"time":0.37} 
[2021-05-08 07:19:48] development.DEBUG: select * from `users` where `id` = ? limit 1 {"params":[1],"time":8.13} 
[2021-05-08 07:19:48] development.DEBUG: select * from `accounts` where `accounts`.`user_id` in (1) {"params":[],"time":0.59} 
[2021-05-08 07:19:48] development.DEBUG: select * from `social_profiles` where `social_profiles`.`user_id` in (1) {"params":[],"time":0.51} 
[2021-05-08 07:19:48] development.DEBUG: select count(*) as aggregate from `games` where `games`.`status` = ? {"params":[1],"time":0.48} 
[2021-05-08 07:19:48] development.DEBUG: select * from `games` where `games`.`status` = ? and `games`.`win` > ? order by `id` desc limit 1 {"params":[1,"games.bet"],"time":0.59} 
[2021-05-08 07:19:48] development.DEBUG: select `id`, `user_id` from `accounts` where `accounts`.`id` in (5) {"params":[],"time":0.48} 
[2021-05-08 07:19:48] development.DEBUG: select `id`, `name`, `avatar` from `users` where `users`.`id` in (5) {"params":[],"time":0.34} 
[2021-05-08 07:19:49] development.DEBUG: select * from `users` where `id` = ? limit 1 {"params":[1],"time":33.27} 
[2021-05-08 07:19:49] development.DEBUG: select * from `accounts` where `accounts`.`user_id` in (1) {"params":[],"time":0.59} 
[2021-05-08 07:19:49] development.DEBUG: select * from `social_profiles` where `social_profiles`.`user_id` in (1) {"params":[],"time":0.54} 
[2021-05-08 07:19:49] development.DEBUG: select count(*) as aggregate from `games` where `games`.`status` = ? {"params":[1],"time":0.51} 
[2021-05-08 07:19:49] development.DEBUG: select * from `games` where `games`.`status` = ? and `games`.`win` > ? order by `id` desc limit 1 {"params":[1,"games.bet"],"time":0.54} 
[2021-05-08 07:19:49] development.DEBUG: select `id`, `user_id` from `accounts` where `accounts`.`id` in (5) {"params":[],"time":0.5} 
[2021-05-08 07:19:49] development.DEBUG: select `id`, `name`, `avatar` from `users` where `users`.`id` in (5) {"params":[],"time":0.43} 
[2021-05-08 07:19:49] development.DEBUG: select * from `users` where `id` = ? limit 1 {"params":[1],"time":18.65} 
[2021-05-08 07:19:49] development.DEBUG: select * from `accounts` where `accounts`.`user_id` in (1) {"params":[],"time":0.53} 
[2021-05-08 07:19:49] development.DEBUG: select * from `social_profiles` where `social_profiles`.`user_id` in (1) {"params":[],"time":0.54} 
[2021-05-08 07:19:49] development.DEBUG: select count(*) as aggregate from `games` where `games`.`status` = ? {"params":[1],"time":0.49} 
[2021-05-08 07:19:49] development.DEBUG: select * from `games` where `games`.`status` = ? and `games`.`win` > ? order by `id` desc limit 1 {"params":[1,"games.bet"],"time":0.58} 
[2021-05-08 07:19:49] development.DEBUG: select `id`, `user_id` from `accounts` where `accounts`.`id` in (5) {"params":[],"time":0.4} 
[2021-05-08 07:19:49] development.DEBUG: select `id`, `name`, `avatar` from `users` where `users`.`id` in (5) {"params":[],"time":0.4} 
[2021-05-08 07:19:50] development.DEBUG: select * from `users` where `id` = ? limit 1 {"params":[1],"time":7.96} 
[2021-05-08 07:19:50] development.DEBUG: select * from `accounts` where `accounts`.`user_id` in (1) {"params":[],"time":0.59} 
[2021-05-08 07:19:50] development.DEBUG: select * from `social_profiles` where `social_profiles`.`user_id` in (1) {"params":[],"time":0.54} 
[2021-05-08 07:19:50] development.DEBUG: select count(*) as aggregate from `games` where `games`.`status` = ? {"params":[1],"time":0.67} 
[2021-05-08 07:19:50] development.DEBUG: select * from `games` where `games`.`status` = ? and `games`.`win` > ? order by `id` desc limit 1 {"params":[1,"games.bet"],"time":0.63} 
[2021-05-08 07:19:50] development.DEBUG: select `id`, `user_id` from `accounts` where `accounts`.`id` in (5) {"params":[],"time":0.51} 
[2021-05-08 07:19:50] development.DEBUG: select `id`, `name`, `avatar` from `users` where `users`.`id` in (5) {"params":[],"time":0.48} 
[2021-05-08 07:19:50] development.DEBUG: select * from `users` where `id` = ? limit 1 {"params":[1],"time":8.97} 
[2021-05-08 07:19:50] development.DEBUG: select * from `accounts` where `accounts`.`user_id` in (1) {"params":[],"time":0.68} 
[2021-05-08 07:19:50] development.DEBUG: select * from `social_profiles` where `social_profiles`.`user_id` in (1) {"params":[],"time":0.62} 
[2021-05-08 07:19:50] development.DEBUG: select count(*) as aggregate from `games` where `games`.`status` = ? {"params":[1],"time":0.58} 
[2021-05-08 07:19:50] development.DEBUG: select * from `games` where `games`.`status` = ? and `games`.`win` > ? order by `id` desc limit 1 {"params":[1,"games.bet"],"time":0.66} 
[2021-05-08 07:19:50] development.DEBUG: select `id`, `user_id` from `accounts` where `accounts`.`id` in (5) {"params":[],"time":0.55} 
[2021-05-08 07:19:50] development.DEBUG: select `id`, `name`, `avatar` from `users` where `users`.`id` in (5) {"params":[],"time":0.52} 
[2021-05-08 07:19:51] development.DEBUG: select * from `users` where `id` = ? limit 1 {"params":[1],"time":16.82} 
[2021-05-08 07:19:51] development.DEBUG: select * from `accounts` where `accounts`.`user_id` in (1) {"params":[],"time":0.63} 
[2021-05-08 07:19:51] development.DEBUG: select * from `social_profiles` where `social_profiles`.`user_id` in (1) {"params":[],"time":0.46} 
[2021-05-08 07:19:51] development.DEBUG: select count(*) as aggregate from `games` where `games`.`status` = ? {"params":[1],"time":0.48} 
[2021-05-08 07:19:51] development.DEBUG: select * from `games` where `games`.`status` = ? and `games`.`win` > ? order by `id` desc limit 1 {"params":[1,"games.bet"],"time":0.59} 
[2021-05-08 07:19:51] development.DEBUG: select `id`, `user_id` from `accounts` where `accounts`.`id` in (5) {"params":[],"time":0.5} 
[2021-05-08 07:19:51] development.DEBUG: select `id`, `name`, `avatar` from `users` where `users`.`id` in (5) {"params":[],"time":0.4} 
[2021-05-08 07:19:51] development.DEBUG: select * from `users` where `id` = ? limit 1 {"params":[1],"time":8.64} 
[2021-05-08 07:19:51] development.DEBUG: select * from `accounts` where `accounts`.`user_id` in (1) {"params":[],"time":0.51} 
[2021-05-08 07:19:51] development.DEBUG: select * from `social_profiles` where `social_profiles`.`user_id` in (1) {"params":[],"time":0.5} 
[2021-05-08 07:19:51] development.DEBUG: select count(*) as aggregate from `games` where `games`.`status` = ? {"params":[1],"time":0.53} 
[2021-05-08 07:19:51] development.DEBUG: select * from `games` where `games`.`status` = ? and `games`.`win` > ? order by `id` desc limit 1 {"params":[1,"games.bet"],"time":0.6} 
[2021-05-08 07:19:51] development.DEBUG: select `id`, `user_id` from `accounts` where `accounts`.`id` in (5) {"params":[],"time":0.47} 
[2021-05-08 07:19:51] development.DEBUG: select `id`, `name`, `avatar` from `users` where `users`.`id` in (5) {"params":[],"time":0.47} 
[2021-05-08 07:19:52] development.DEBUG: select * from `users` where `id` = ? limit 1 {"params":[1],"time":26.4} 
[2021-05-08 07:19:52] development.DEBUG: select * from `accounts` where `accounts`.`user_id` in (1) {"params":[],"time":0.67} 
[2021-05-08 07:19:52] development.DEBUG: select * from `social_profiles` where `social_profiles`.`user_id` in (1) {"params":[],"time":0.61} 
[2021-05-08 07:19:52] development.DEBUG: select count(*) as aggregate from `games` where `games`.`status` = ? {"params":[1],"time":0.6} 
[2021-05-08 07:19:52] development.DEBUG: select * from `games` where `games`.`status` = ? and `games`.`win` > ? order by `id` desc limit 1 {"params":[1,"games.bet"],"time":0.56} 
[2021-05-08 07:19:52] development.DEBUG: select `id`, `user_id` from `accounts` where `accounts`.`id` in (5) {"params":[],"time":0.42} 
[2021-05-08 07:19:52] development.DEBUG: select `id`, `name`, `avatar` from `users` where `users`.`id` in (5) {"params":[],"time":0.36} 
[2021-05-08 07:19:52] development.DEBUG: select * from `users` where `id` = ? limit 1 {"params":[1],"time":9.46} 
[2021-05-08 07:19:52] development.DEBUG: select * from `accounts` where `accounts`.`user_id` in (1) {"params":[],"time":0.73} 
[2021-05-08 07:19:52] development.DEBUG: select * from `social_profiles` where `social_profiles`.`user_id` in (1) {"params":[],"time":0.61} 
[2021-05-08 07:19:52] development.DEBUG: select count(*) as aggregate from `games` where `games`.`status` = ? {"params":[1],"time":0.61} 
[2021-05-08 07:19:52] development.DEBUG: select * from `games` where `games`.`status` = ? and `games`.`win` > ? order by `id` desc limit 1 {"params":[1,"games.bet"],"time":0.59} 
[2021-05-08 07:19:52] development.DEBUG: select `id`, `user_id` from `accounts` where `accounts`.`id` in (5) {"params":[],"time":0.4} 
[2021-05-08 07:19:52] development.DEBUG: select `id`, `name`, `avatar` from `users` where `users`.`id` in (5) {"params":[],"time":0.39} 
[2021-05-08 07:19:53] development.DEBUG: select * from `users` where `id` = ? limit 1 {"params":[1],"time":19.49} 
[2021-05-08 07:19:53] development.DEBUG: select * from `accounts` where `accounts`.`user_id` in (1) {"params":[],"time":0.65} 
[2021-05-08 07:19:53] development.DEBUG: select * from `social_profiles` where `social_profiles`.`user_id` in (1) {"params":[],"time":0.56} 
[2021-05-08 07:19:53] development.DEBUG: select count(*) as aggregate from `games` where `games`.`status` = ? {"params":[1],"time":0.7} 
[2021-05-08 07:19:53] development.DEBUG: select * from `games` where `games`.`status` = ? and `games`.`win` > ? order by `id` desc limit 1 {"params":[1,"games.bet"],"time":0.64} 
[2021-05-08 07:19:53] development.DEBUG: select `id`, `user_id` from `accounts` where `accounts`.`id` in (5) {"params":[],"time":0.58} 
[2021-05-08 07:19:53] development.DEBUG: select `id`, `name`, `avatar` from `users` where `users`.`id` in (5) {"params":[],"time":0.48} 
[2021-05-08 07:19:53] development.DEBUG: select * from `users` where `id` = ? limit 1 {"params":[1],"time":8.53} 
[2021-05-08 07:19:53] development.DEBUG: select * from `accounts` where `accounts`.`user_id` in (1) {"params":[],"time":0.61} 
[2021-05-08 07:19:53] development.DEBUG: select * from `social_profiles` where `social_profiles`.`user_id` in (1) {"params":[],"time":0.7} 
[2021-05-08 07:19:53] development.DEBUG: select count(*) as aggregate from `games` where `games`.`status` = ? {"params":[1],"time":0.66} 
[2021-05-08 07:19:53] development.DEBUG: select * from `games` where `games`.`status` = ? and `games`.`win` > ? order by `id` desc limit 1 {"params":[1,"games.bet"],"time":0.63} 
[2021-05-08 07:19:53] development.DEBUG: select `id`, `user_id` from `accounts` where `accounts`.`id` in (5) {"params":[],"time":0.53} 
[2021-05-08 07:19:53] development.DEBUG: select `id`, `name`, `avatar` from `users` where `users`.`id` in (5) {"params":[],"time":0.55} 
[2021-05-08 07:19:54] development.DEBUG: select * from `users` where `id` = ? limit 1 {"params":[1],"time":14.47} 
[2021-05-08 07:19:54] development.DEBUG: select * from `accounts` where `accounts`.`user_id` in (1) {"params":[],"time":0.68} 
[2021-05-08 07:19:54] development.DEBUG: select * from `social_profiles` where `social_profiles`.`user_id` in (1) {"params":[],"time":0.65} 
[2021-05-08 07:19:54] development.DEBUG: select count(*) as aggregate from `games` where `games`.`status` = ? {"params":[1],"time":0.65} 
[2021-05-08 07:19:54] development.DEBUG: select * from `games` where `games`.`status` = ? and `games`.`win` > ? order by `id` desc limit 1 {"params":[1,"games.bet"],"time":0.71} 
[2021-05-08 07:19:54] development.DEBUG: select `id`, `user_id` from `accounts` where `accounts`.`id` in (5) {"params":[],"time":0.52} 
[2021-05-08 07:19:54] development.DEBUG: select `id`, `name`, `avatar` from `users` where `users`.`id` in (5) {"params":[],"time":0.56} 
[2021-05-08 07:19:54] development.DEBUG: select * from `users` where `id` = ? limit 1 {"params":[1],"time":21.93} 
[2021-05-08 07:19:54] development.DEBUG: select * from `accounts` where `accounts`.`user_id` in (1) {"params":[],"time":0.49} 
[2021-05-08 07:19:54] development.DEBUG: select * from `social_profiles` where `social_profiles`.`user_id` in (1) {"params":[],"time":0.55} 
[2021-05-08 07:19:54] development.DEBUG: select count(*) as aggregate from `games` where `games`.`status` = ? {"params":[1],"time":0.45} 
[2021-05-08 07:19:54] development.DEBUG: select * from `games` where `games`.`status` = ? and `games`.`win` > ? order by `id` desc limit 1 {"params":[1,"games.bet"],"time":0.47} 
[2021-05-08 07:19:54] development.DEBUG: select `id`, `user_id` from `accounts` where `accounts`.`id` in (5) {"params":[],"time":0.36} 
[2021-05-08 07:19:54] development.DEBUG: select `id`, `name`, `avatar` from `users` where `users`.`id` in (5) {"params":[],"time":0.35} 
[2021-05-08 07:19:55] development.DEBUG: select * from `users` where `id` = ? limit 1 {"params":[1],"time":20.19} 
[2021-05-08 07:19:55] development.DEBUG: select * from `accounts` where `accounts`.`user_id` in (1) {"params":[],"time":0.69} 
[2021-05-08 07:19:55] development.DEBUG: select * from `social_profiles` where `social_profiles`.`user_id` in (1) {"params":[],"time":0.63} 
[2021-05-08 07:19:55] development.DEBUG: select count(*) as aggregate from `games` where `games`.`status` = ? {"params":[1],"time":0.62} 
[2021-05-08 07:19:55] development.DEBUG: select * from `games` where `games`.`status` = ? and `games`.`win` > ? order by `id` desc limit 1 {"params":[1,"games.bet"],"time":0.63} 
[2021-05-08 07:19:55] development.DEBUG: select `id`, `user_id` from `accounts` where `accounts`.`id` in (5) {"params":[],"time":0.54} 
[2021-05-08 07:19:55] development.DEBUG: select `id`, `name`, `avatar` from `users` where `users`.`id` in (5) {"params":[],"time":0.48} 
[2021-05-08 07:19:55] development.DEBUG: select * from `users` where `id` = ? limit 1 {"params":[1],"time":13.91} 
[2021-05-08 07:19:55] development.DEBUG: select * from `accounts` where `accounts`.`user_id` in (1) {"params":[],"time":0.59} 
[2021-05-08 07:19:55] development.DEBUG: select * from `social_profiles` where `social_profiles`.`user_id` in (1) {"params":[],"time":0.55} 
[2021-05-08 07:19:55] development.DEBUG: select count(*) as aggregate from `games` where `games`.`status` = ? {"params":[1],"time":0.49} 
[2021-05-08 07:19:55] development.DEBUG: select * from `games` where `games`.`status` = ? and `games`.`win` > ? order by `id` desc limit 1 {"params":[1,"games.bet"],"time":0.51} 
[2021-05-08 07:19:55] development.DEBUG: select `id`, `user_id` from `accounts` where `accounts`.`id` in (5) {"params":[],"time":0.39} 
[2021-05-08 07:19:55] development.DEBUG: select `id`, `name`, `avatar` from `users` where `users`.`id` in (5) {"params":[],"time":0.36} 
[2021-05-08 07:19:56] development.DEBUG: select * from `users` where `id` = ? limit 1 {"params":[1],"time":15.16} 
[2021-05-08 07:19:56] development.DEBUG: select * from `accounts` where `accounts`.`user_id` in (1) {"params":[],"time":0.69} 
[2021-05-08 07:19:56] development.DEBUG: select * from `social_profiles` where `social_profiles`.`user_id` in (1) {"params":[],"time":0.69} 
[2021-05-08 07:19:56] development.DEBUG: select count(*) as aggregate from `games` where `games`.`status` = ? {"params":[1],"time":0.64} 
[2021-05-08 07:19:56] development.DEBUG: select * from `games` where `games`.`status` = ? and `games`.`win` > ? order by `id` desc limit 1 {"params":[1,"games.bet"],"time":0.71} 
[2021-05-08 07:19:56] development.DEBUG: select `id`, `user_id` from `accounts` where `accounts`.`id` in (5) {"params":[],"time":0.54} 
[2021-05-08 07:19:56] development.DEBUG: select `id`, `name`, `avatar` from `users` where `users`.`id` in (5) {"params":[],"time":0.45} 
[2021-05-08 07:19:56] development.DEBUG: select * from `users` where `id` = ? limit 1 {"params":[1],"time":16.19} 
[2021-05-08 07:19:56] development.DEBUG: select * from `accounts` where `accounts`.`user_id` in (1) {"params":[],"time":0.6} 
[2021-05-08 07:19:56] development.DEBUG: select * from `social_profiles` where `social_profiles`.`user_id` in (1) {"params":[],"time":0.52} 
[2021-05-08 07:19:56] development.DEBUG: select count(*) as aggregate from `games` where `games`.`status` = ? {"params":[1],"time":0.53} 
[2021-05-08 07:19:56] development.DEBUG: select * from `games` where `games`.`status` = ? and `games`.`win` > ? order by `id` desc limit 1 {"params":[1,"games.bet"],"time":0.64} 
[2021-05-08 07:19:56] development.DEBUG: select `id`, `user_id` from `accounts` where `accounts`.`id` in (5) {"params":[],"time":0.51} 
[2021-05-08 07:19:56] development.DEBUG: select `id`, `name`, `avatar` from `users` where `users`.`id` in (5) {"params":[],"time":0.48} 
[2021-05-08 07:19:57] development.DEBUG: select * from `users` where `id` = ? limit 1 {"params":[1],"time":11.58} 
[2021-05-08 07:19:57] development.DEBUG: select * from `accounts` where `accounts`.`user_id` in (1) {"params":[],"time":0.67} 
[2021-05-08 07:19:57] development.DEBUG: select * from `social_profiles` where `social_profiles`.`user_id` in (1) {"params":[],"time":0.6} 
[2021-05-08 07:19:57] development.DEBUG: select count(*) as aggregate from `games` where `games`.`status` = ? {"params":[1],"time":0.58} 
[2021-05-08 07:19:57] development.DEBUG: select * from `games` where `games`.`status` = ? and `games`.`win` > ? order by `id` desc limit 1 {"params":[1,"games.bet"],"time":0.56} 
[2021-05-08 07:19:57] development.DEBUG: select `id`, `user_id` from `accounts` where `accounts`.`id` in (5) {"params":[],"time":0.5} 
[2021-05-08 07:19:57] development.DEBUG: select `id`, `name`, `avatar` from `users` where `users`.`id` in (5) {"params":[],"time":0.47} 
[2021-05-08 07:19:57] development.DEBUG: select * from `users` where `id` = ? limit 1 {"params":[1],"time":13.24} 
[2021-05-08 07:19:57] development.DEBUG: select * from `accounts` where `accounts`.`user_id` in (1) {"params":[],"time":0.71} 
[2021-05-08 07:19:57] development.DEBUG: select * from `social_profiles` where `social_profiles`.`user_id` in (1) {"params":[],"time":0.6} 
[2021-05-08 07:19:57] development.DEBUG: select count(*) as aggregate from `games` where `games`.`status` = ? {"params":[1],"time":0.64} 
[2021-05-08 07:19:57] development.DEBUG: select * from `games` where `games`.`status` = ? and `games`.`win` > ? order by `id` desc limit 1 {"params":[1,"games.bet"],"time":0.64} 
[2021-05-08 07:19:57] development.DEBUG: select `id`, `user_id` from `accounts` where `accounts`.`id` in (5) {"params":[],"time":0.57} 
[2021-05-08 07:19:57] development.DEBUG: select `id`, `name`, `avatar` from `users` where `users`.`id` in (5) {"params":[],"time":0.51} 
[2021-05-08 07:19:58] development.DEBUG: select * from `users` where `id` = ? limit 1 {"params":[1],"time":13.49} 
[2021-05-08 07:19:58] development.DEBUG: select * from `accounts` where `accounts`.`user_id` in (1) {"params":[],"time":0.69} 
[2021-05-08 07:19:58] development.DEBUG: select * from `social_profiles` where `social_profiles`.`user_id` in (1) {"params":[],"time":0.61} 
[2021-05-08 07:19:58] development.DEBUG: select count(*) as aggregate from `games` where `games`.`status` = ? {"params":[1],"time":0.56} 
[2021-05-08 07:19:58] development.DEBUG: select * from `games` where `games`.`status` = ? and `games`.`win` > ? order by `id` desc limit 1 {"params":[1,"games.bet"],"time":0.66} 
[2021-05-08 07:19:58] development.DEBUG: select `id`, `user_id` from `accounts` where `accounts`.`id` in (5) {"params":[],"time":0.49} 
[2021-05-08 07:19:58] development.DEBUG: select `id`, `name`, `avatar` from `users` where `users`.`id` in (5) {"params":[],"time":0.43} 
[2021-05-08 07:19:58] development.DEBUG: select * from `users` where `id` = ? limit 1 {"params":[1],"time":14.09} 
[2021-05-08 07:19:58] development.DEBUG: select * from `accounts` where `accounts`.`user_id` in (1) {"params":[],"time":0.78} 
[2021-05-08 07:19:58] development.DEBUG: select * from `social_profiles` where `social_profiles`.`user_id` in (1) {"params":[],"time":0.76} 
[2021-05-08 07:19:58] development.DEBUG: select count(*) as aggregate from `games` where `games`.`status` = ? {"params":[1],"time":0.79} 
[2021-05-08 07:19:58] development.DEBUG: select * from `games` where `games`.`status` = ? and `games`.`win` > ? order by `id` desc limit 1 {"params":[1,"games.bet"],"time":0.75} 
[2021-05-08 07:19:58] development.DEBUG: select `id`, `user_id` from `accounts` where `accounts`.`id` in (5) {"params":[],"time":0.71} 
[2021-05-08 07:19:58] development.DEBUG: select `id`, `name`, `avatar` from `users` where `users`.`id` in (5) {"params":[],"time":0.65} 
[2021-05-08 07:19:59] development.DEBUG: select * from `users` where `id` = ? limit 1 {"params":[1],"time":8.57} 
[2021-05-08 07:19:59] development.DEBUG: select * from `accounts` where `accounts`.`user_id` in (1) {"params":[],"time":0.61} 
[2021-05-08 07:19:59] development.DEBUG: select * from `social_profiles` where `social_profiles`.`user_id` in (1) {"params":[],"time":0.6} 
[2021-05-08 07:19:59] development.DEBUG: select count(*) as aggregate from `games` where `games`.`status` = ? {"params":[1],"time":0.6} 
[2021-05-08 07:19:59] development.DEBUG: select * from `games` where `games`.`status` = ? and `games`.`win` > ? order by `id` desc limit 1 {"params":[1,"games.bet"],"time":0.62} 
[2021-05-08 07:19:59] development.DEBUG: select `id`, `user_id` from `accounts` where `accounts`.`id` in (5) {"params":[],"time":0.51} 
[2021-05-08 07:19:59] development.DEBUG: select `id`, `name`, `avatar` from `users` where `users`.`id` in (5) {"params":[],"time":0.53} 
[2021-05-08 07:19:59] development.DEBUG: select * from `users` where `id` = ? limit 1 {"params":[1],"time":16.72} 
[2021-05-08 07:19:59] development.DEBUG: select * from `accounts` where `accounts`.`user_id` in (1) {"params":[],"time":0.69} 
[2021-05-08 07:19:59] development.DEBUG: select * from `social_profiles` where `social_profiles`.`user_id` in (1) {"params":[],"time":0.6} 
[2021-05-08 07:19:59] development.DEBUG: select count(*) as aggregate from `games` where `games`.`status` = ? {"params":[1],"time":0.61} 
[2021-05-08 07:19:59] development.DEBUG: select * from `games` where `games`.`status` = ? and `games`.`win` > ? order by `id` desc limit 1 {"params":[1,"games.bet"],"time":0.63} 
[2021-05-08 07:19:59] development.DEBUG: select `id`, `user_id` from `accounts` where `accounts`.`id` in (5) {"params":[],"time":0.55} 
[2021-05-08 07:19:59] development.DEBUG: select `id`, `name`, `avatar` from `users` where `users`.`id` in (5) {"params":[],"time":0.51} 
[2021-05-08 07:20:00] development.DEBUG: select * from `users` where `id` = ? limit 1 {"params":[1],"time":14.23} 
[2021-05-08 07:20:00] development.DEBUG: select * from `accounts` where `accounts`.`user_id` in (1) {"params":[],"time":0.6} 
[2021-05-08 07:20:00] development.DEBUG: select * from `social_profiles` where `social_profiles`.`user_id` in (1) {"params":[],"time":0.51} 
[2021-05-08 07:20:00] development.DEBUG: select count(*) as aggregate from `games` where `games`.`status` = ? {"params":[1],"time":0.49} 
[2021-05-08 07:20:00] development.DEBUG: select * from `games` where `games`.`status` = ? and `games`.`win` > ? order by `id` desc limit 1 {"params":[1,"games.bet"],"time":0.55} 
[2021-05-08 07:20:00] development.DEBUG: select `id`, `user_id` from `accounts` where `accounts`.`id` in (5) {"params":[],"time":0.47} 
[2021-05-08 07:20:00] development.DEBUG: select `id`, `name`, `avatar` from `users` where `users`.`id` in (5) {"params":[],"time":0.43} 
[2021-05-08 07:20:00] development.DEBUG: select * from `users` where `id` = ? limit 1 {"params":[1],"time":8.15} 
[2021-05-08 07:20:00] development.DEBUG: select * from `accounts` where `accounts`.`user_id` in (1) {"params":[],"time":0.67} 
[2021-05-08 07:20:00] development.DEBUG: select * from `social_profiles` where `social_profiles`.`user_id` in (1) {"params":[],"time":0.62} 
[2021-05-08 07:20:00] development.DEBUG: select count(*) as aggregate from `games` where `games`.`status` = ? {"params":[1],"time":0.6} 
[2021-05-08 07:20:00] development.DEBUG: select * from `games` where `games`.`status` = ? and `games`.`win` > ? order by `id` desc limit 1 {"params":[1,"games.bet"],"time":0.64} 
[2021-05-08 07:20:00] development.DEBUG: select `id`, `user_id` from `accounts` where `accounts`.`id` in (5) {"params":[],"time":0.57} 
[2021-05-08 07:20:00] development.DEBUG: select `id`, `name`, `avatar` from `users` where `users`.`id` in (5) {"params":[],"time":0.53} 
[2021-05-08 07:20:01] development.DEBUG: select * from `users` where `id` = ? limit 1 {"params":[1],"time":7.93} 
[2021-05-08 07:20:01] development.DEBUG: select * from `accounts` where `accounts`.`user_id` in (1) {"params":[],"time":0.64} 
[2021-05-08 07:20:01] development.DEBUG: select * from `social_profiles` where `social_profiles`.`user_id` in (1) {"params":[],"time":0.54} 
[2021-05-08 07:20:01] development.DEBUG: select count(*) as aggregate from `games` where `games`.`status` = ? {"params":[1],"time":0.5} 
[2021-05-08 07:20:01] development.DEBUG: select * from `games` where `games`.`status` = ? and `games`.`win` > ? order by `id` desc limit 1 {"params":[1,"games.bet"],"time":0.52} 
[2021-05-08 07:20:01] development.DEBUG: select `id`, `user_id` from `accounts` where `accounts`.`id` in (5) {"params":[],"time":0.52} 
[2021-05-08 07:20:01] development.DEBUG: select `id`, `name`, `avatar` from `users` where `users`.`id` in (5) {"params":[],"time":0.47} 
[2021-05-08 07:20:01] development.DEBUG: select * from `users` where `id` = ? limit 1 {"params":[1],"time":31.18} 
[2021-05-08 07:20:01] development.DEBUG: select * from `accounts` where `accounts`.`user_id` in (1) {"params":[],"time":0.58} 
[2021-05-08 07:20:01] development.DEBUG: select * from `social_profiles` where `social_profiles`.`user_id` in (1) {"params":[],"time":0.56} 
[2021-05-08 07:20:01] development.DEBUG: select count(*) as aggregate from `games` where `games`.`status` = ? {"params":[1],"time":0.6} 
[2021-05-08 07:20:01] development.DEBUG: select * from `games` where `games`.`status` = ? and `games`.`win` > ? order by `id` desc limit 1 {"params":[1,"games.bet"],"time":0.59} 
[2021-05-08 07:20:01] development.DEBUG: select `id`, `user_id` from `accounts` where `accounts`.`id` in (5) {"params":[],"time":0.53} 
[2021-05-08 07:20:01] development.DEBUG: select `id`, `name`, `avatar` from `users` where `users`.`id` in (5) {"params":[],"time":0.48} 
[2021-05-08 07:20:02] development.DEBUG: select * from `users` where `id` = ? limit 1 {"params":[1],"time":8.35} 
[2021-05-08 07:20:02] development.DEBUG: select * from `accounts` where `accounts`.`user_id` in (1) {"params":[],"time":0.7} 
[2021-05-08 07:20:02] development.DEBUG: select * from `social_profiles` where `social_profiles`.`user_id` in (1) {"params":[],"time":0.6} 
[2021-05-08 07:20:02] development.DEBUG: select count(*) as aggregate from `games` where `games`.`status` = ? {"params":[1],"time":0.6} 
[2021-05-08 07:20:02] development.DEBUG: select * from `games` where `games`.`status` = ? and `games`.`win` > ? order by `id` desc limit 1 {"params":[1,"games.bet"],"time":0.64} 
[2021-05-08 07:20:02] development.DEBUG: select `id`, `user_id` from `accounts` where `accounts`.`id` in (5) {"params":[],"time":0.57} 
[2021-05-08 07:20:02] development.DEBUG: select `id`, `name`, `avatar` from `users` where `users`.`id` in (5) {"params":[],"time":0.53} 
[2021-05-08 07:20:02] development.DEBUG: select * from `users` where `id` = ? limit 1 {"params":[1],"time":16.87} 
[2021-05-08 07:20:02] development.DEBUG: select * from `accounts` where `accounts`.`user_id` in (1) {"params":[],"time":0.72} 
[2021-05-08 07:20:02] development.DEBUG: select * from `social_profiles` where `social_profiles`.`user_id` in (1) {"params":[],"time":0.61} 
[2021-05-08 07:20:02] development.DEBUG: select count(*) as aggregate from `games` where `games`.`status` = ? {"params":[1],"time":0.59} 
[2021-05-08 07:20:02] development.DEBUG: select * from `games` where `games`.`status` = ? and `games`.`win` > ? order by `id` desc limit 1 {"params":[1,"games.bet"],"time":0.57} 
[2021-05-08 07:20:02] development.DEBUG: select `id`, `user_id` from `accounts` where `accounts`.`id` in (5) {"params":[],"time":0.57} 
[2021-05-08 07:20:02] development.DEBUG: select `id`, `name`, `avatar` from `users` where `users`.`id` in (5) {"params":[],"time":0.5} 
[2021-05-08 07:20:03] development.DEBUG: select * from `users` where `id` = ? limit 1 {"params":[1],"time":8.55} 
[2021-05-08 07:20:03] development.DEBUG: select * from `accounts` where `accounts`.`user_id` in (1) {"params":[],"time":0.54} 
[2021-05-08 07:20:03] development.DEBUG: select * from `social_profiles` where `social_profiles`.`user_id` in (1) {"params":[],"time":0.66} 
[2021-05-08 07:20:03] development.DEBUG: select count(*) as aggregate from `games` where `games`.`status` = ? {"params":[1],"time":0.63} 
[2021-05-08 07:20:03] development.DEBUG: select * from `games` where `games`.`status` = ? and `games`.`win` > ? order by `id` desc limit 1 {"params":[1,"games.bet"],"time":0.65} 
[2021-05-08 07:20:03] development.DEBUG: select `id`, `user_id` from `accounts` where `accounts`.`id` in (5) {"params":[],"time":0.63} 
[2021-05-08 07:20:03] development.DEBUG: select `id`, `name`, `avatar` from `users` where `users`.`id` in (5) {"params":[],"time":0.55} 
[2021-05-08 07:20:03] development.DEBUG: select * from `users` where `id` = ? limit 1 {"params":[1],"time":30.28} 
[2021-05-08 07:20:03] development.DEBUG: select * from `accounts` where `accounts`.`user_id` in (1) {"params":[],"time":0.69} 
[2021-05-08 07:20:03] development.DEBUG: select * from `social_profiles` where `social_profiles`.`user_id` in (1) {"params":[],"time":0.64} 
[2021-05-08 07:20:03] development.DEBUG: select count(*) as aggregate from `games` where `games`.`status` = ? {"params":[1],"time":0.48} 
[2021-05-08 07:20:03] development.DEBUG: select * from `games` where `games`.`status` = ? and `games`.`win` > ? order by `id` desc limit 1 {"params":[1,"games.bet"],"time":0.73} 
[2021-05-08 07:20:03] development.DEBUG: select `id`, `user_id` from `accounts` where `accounts`.`id` in (5) {"params":[],"time":0.57} 
[2021-05-08 07:20:03] development.DEBUG: select `id`, `name`, `avatar` from `users` where `users`.`id` in (5) {"params":[],"time":0.45} 
[2021-05-08 07:20:04] development.DEBUG: select * from `users` where `id` = ? limit 1 {"params":[1],"time":24.13} 
[2021-05-08 07:20:04] development.DEBUG: select * from `accounts` where `accounts`.`user_id` in (1) {"params":[],"time":0.61} 
[2021-05-08 07:20:04] development.DEBUG: select * from `social_profiles` where `social_profiles`.`user_id` in (1) {"params":[],"time":0.62} 
[2021-05-08 07:20:04] development.DEBUG: select count(*) as aggregate from `games` where `games`.`status` = ? {"params":[1],"time":0.67} 
[2021-05-08 07:20:04] development.DEBUG: select * from `games` where `games`.`status` = ? and `games`.`win` > ? order by `id` desc limit 1 {"params":[1,"games.bet"],"time":0.67} 
[2021-05-08 07:20:04] development.DEBUG: select `id`, `user_id` from `accounts` where `accounts`.`id` in (5) {"params":[],"time":0.52} 
[2021-05-08 07:20:04] development.DEBUG: select `id`, `name`, `avatar` from `users` where `users`.`id` in (5) {"params":[],"time":0.42} 
[2021-05-08 07:20:04] development.DEBUG: select * from `users` where `id` = ? limit 1 {"params":[1],"time":15.15} 
[2021-05-08 07:20:04] development.DEBUG: select * from `accounts` where `accounts`.`user_id` in (1) {"params":[],"time":0.62} 
[2021-05-08 07:20:04] development.DEBUG: select * from `social_profiles` where `social_profiles`.`user_id` in (1) {"params":[],"time":0.54} 
[2021-05-08 07:20:04] development.DEBUG: select count(*) as aggregate from `games` where `games`.`status` = ? {"params":[1],"time":0.53} 
[2021-05-08 07:20:04] development.DEBUG: select * from `games` where `games`.`status` = ? and `games`.`win` > ? order by `id` desc limit 1 {"params":[1,"games.bet"],"time":0.51} 
[2021-05-08 07:20:04] development.DEBUG: select `id`, `user_id` from `accounts` where `accounts`.`id` in (5) {"params":[],"time":0.42} 
[2021-05-08 07:20:04] development.DEBUG: select `id`, `name`, `avatar` from `users` where `users`.`id` in (5) {"params":[],"time":0.38} 
[2021-05-08 07:20:05] development.DEBUG: select * from `users` where `id` = ? limit 1 {"params":[1],"time":10.53} 
[2021-05-08 07:20:05] development.DEBUG: select * from `accounts` where `accounts`.`user_id` in (1) {"params":[],"time":0.67} 
[2021-05-08 07:20:05] development.DEBUG: select * from `social_profiles` where `social_profiles`.`user_id` in (1) {"params":[],"time":0.59} 
[2021-05-08 07:20:05] development.DEBUG: select count(*) as aggregate from `games` where `games`.`status` = ? {"params":[1],"time":0.58} 
[2021-05-08 07:20:05] development.DEBUG: select * from `games` where `games`.`status` = ? and `games`.`win` > ? order by `id` desc limit 1 {"params":[1,"games.bet"],"time":0.62} 
[2021-05-08 07:20:05] development.DEBUG: select `id`, `user_id` from `accounts` where `accounts`.`id` in (5) {"params":[],"time":0.55} 
[2021-05-08 07:20:05] development.DEBUG: select `id`, `name`, `avatar` from `users` where `users`.`id` in (5) {"params":[],"time":0.48} 
[2021-05-08 07:20:05] development.DEBUG: select * from `users` where `id` = ? limit 1 {"params":[1],"time":21.38} 
[2021-05-08 07:20:05] development.DEBUG: select * from `accounts` where `accounts`.`user_id` in (1) {"params":[],"time":0.49} 
[2021-05-08 07:20:05] development.DEBUG: select * from `social_profiles` where `social_profiles`.`user_id` in (1) {"params":[],"time":0.43} 
[2021-05-08 07:20:05] development.DEBUG: select count(*) as aggregate from `games` where `games`.`status` = ? {"params":[1],"time":0.44} 
[2021-05-08 07:20:05] development.DEBUG: select * from `games` where `games`.`status` = ? and `games`.`win` > ? order by `id` desc limit 1 {"params":[1,"games.bet"],"time":0.45} 
[2021-05-08 07:20:05] development.DEBUG: select `id`, `user_id` from `accounts` where `accounts`.`id` in (5) {"params":[],"time":0.39} 
[2021-05-08 07:20:05] development.DEBUG: select `id`, `name`, `avatar` from `users` where `users`.`id` in (5) {"params":[],"time":0.4} 
[2021-05-08 07:20:06] development.DEBUG: select * from `users` where `id` = ? limit 1 {"params":[1],"time":8.42} 
[2021-05-08 07:20:06] development.DEBUG: select * from `accounts` where `accounts`.`user_id` in (1) {"params":[],"time":0.66} 
[2021-05-08 07:20:06] development.DEBUG: select * from `social_profiles` where `social_profiles`.`user_id` in (1) {"params":[],"time":0.54} 
[2021-05-08 07:20:06] development.DEBUG: select count(*) as aggregate from `games` where `games`.`status` = ? {"params":[1],"time":0.58} 
[2021-05-08 07:20:06] development.DEBUG: select * from `games` where `games`.`status` = ? and `games`.`win` > ? order by `id` desc limit 1 {"params":[1,"games.bet"],"time":0.6} 
[2021-05-08 07:20:06] development.DEBUG: select `id`, `user_id` from `accounts` where `accounts`.`id` in (5) {"params":[],"time":0.5} 
[2021-05-08 07:20:06] development.DEBUG: select `id`, `name`, `avatar` from `users` where `users`.`id` in (5) {"params":[],"time":0.47} 
[2021-05-08 07:20:06] development.DEBUG: select * from `users` where `id` = ? limit 1 {"params":[1],"time":23.57} 
[2021-05-08 07:20:06] development.DEBUG: select * from `accounts` where `accounts`.`user_id` in (1) {"params":[],"time":0.7} 
[2021-05-08 07:20:06] development.DEBUG: select * from `social_profiles` where `social_profiles`.`user_id` in (1) {"params":[],"time":0.72} 
[2021-05-08 07:20:06] development.DEBUG: select count(*) as aggregate from `games` where `games`.`status` = ? {"params":[1],"time":0.72} 
[2021-05-08 07:20:06] development.DEBUG: select * from `games` where `games`.`status` = ? and `games`.`win` > ? order by `id` desc limit 1 {"params":[1,"games.bet"],"time":0.82} 
[2021-05-08 07:20:06] development.DEBUG: select `id`, `user_id` from `accounts` where `accounts`.`id` in (5) {"params":[],"time":0.53} 
[2021-05-08 07:20:06] development.DEBUG: select `id`, `name`, `avatar` from `users` where `users`.`id` in (5) {"params":[],"time":0.48} 
[2021-05-08 07:20:07] development.DEBUG: select * from `users` where `id` = ? limit 1 {"params":[1],"time":8.21} 
[2021-05-08 07:20:07] development.DEBUG: select * from `accounts` where `accounts`.`user_id` in (1) {"params":[],"time":0.74} 
[2021-05-08 07:20:07] development.DEBUG: select * from `social_profiles` where `social_profiles`.`user_id` in (1) {"params":[],"time":0.61} 
[2021-05-08 07:20:07] development.DEBUG: select count(*) as aggregate from `games` where `games`.`status` = ? {"params":[1],"time":0.6} 
[2021-05-08 07:20:07] development.DEBUG: select * from `games` where `games`.`status` = ? and `games`.`win` > ? order by `id` desc limit 1 {"params":[1,"games.bet"],"time":0.63} 
[2021-05-08 07:20:07] development.DEBUG: select `id`, `user_id` from `accounts` where `accounts`.`id` in (5) {"params":[],"time":0.47} 
[2021-05-08 07:20:07] development.DEBUG: select `id`, `name`, `avatar` from `users` where `users`.`id` in (5) {"params":[],"time":0.44} 
[2021-05-08 07:20:07] development.DEBUG: select * from `users` where `id` = ? limit 1 {"params":[1],"time":8.77} 
[2021-05-08 07:20:07] development.DEBUG: select * from `accounts` where `accounts`.`user_id` in (1) {"params":[],"time":0.54} 
[2021-05-08 07:20:07] development.DEBUG: select * from `social_profiles` where `social_profiles`.`user_id` in (1) {"params":[],"time":0.47} 
[2021-05-08 07:20:07] development.DEBUG: select count(*) as aggregate from `games` where `games`.`status` = ? {"params":[1],"time":0.5} 
[2021-05-08 07:20:07] development.DEBUG: select * from `games` where `games`.`status` = ? and `games`.`win` > ? order by `id` desc limit 1 {"params":[1,"games.bet"],"time":0.48} 
[2021-05-08 07:20:07] development.DEBUG: select `id`, `user_id` from `accounts` where `accounts`.`id` in (5) {"params":[],"time":0.52} 
[2021-05-08 07:20:07] development.DEBUG: select `id`, `name`, `avatar` from `users` where `users`.`id` in (5) {"params":[],"time":0.57} 
[2021-05-08 07:20:08] development.DEBUG: select * from `users` where `id` = ? limit 1 {"params":[1],"time":31.52} 
[2021-05-08 07:20:08] development.DEBUG: select * from `accounts` where `accounts`.`user_id` in (1) {"params":[],"time":0.74} 
[2021-05-08 07:20:08] development.DEBUG: select * from `social_profiles` where `social_profiles`.`user_id` in (1) {"params":[],"time":0.65} 
[2021-05-08 07:20:08] development.DEBUG: select count(*) as aggregate from `games` where `games`.`status` = ? {"params":[1],"time":0.59} 
[2021-05-08 07:20:08] development.DEBUG: select * from `games` where `games`.`status` = ? and `games`.`win` > ? order by `id` desc limit 1 {"params":[1,"games.bet"],"time":0.67} 
[2021-05-08 07:20:08] development.DEBUG: select `id`, `user_id` from `accounts` where `accounts`.`id` in (5) {"params":[],"time":0.51} 
[2021-05-08 07:20:08] development.DEBUG: select `id`, `name`, `avatar` from `users` where `users`.`id` in (5) {"params":[],"time":0.48} 
[2021-05-08 07:20:11] development.DEBUG: select * from `users` where `id` = ? limit 1 {"params":[1],"time":85.05} 
[2021-05-08 07:20:11] development.DEBUG: select * from `accounts` where `accounts`.`user_id` in (1) {"params":[],"time":0.86} 
[2021-05-08 07:20:11] development.DEBUG: select * from `social_profiles` where `social_profiles`.`user_id` in (1) {"params":[],"time":0.91} 
[2021-05-08 07:20:11] development.DEBUG: select count(*) as aggregate from `games` where `games`.`status` = ? {"params":[1],"time":0.9} 
[2021-05-08 07:20:11] development.DEBUG: select * from `games` where `games`.`status` = ? and `games`.`win` > ? order by `id` desc limit 1 {"params":[1,"games.bet"],"time":0.76} 
[2021-05-08 07:20:11] development.DEBUG: select `id`, `user_id` from `accounts` where `accounts`.`id` in (5) {"params":[],"time":0.59} 
[2021-05-08 07:20:11] development.DEBUG: select `id`, `name`, `avatar` from `users` where `users`.`id` in (5) {"params":[],"time":0.66} 
[2021-05-08 07:20:15] development.DEBUG: select * from `users` where `id` = ? limit 1 {"params":[1],"time":308.59} 
[2021-05-08 07:20:15] development.DEBUG: select * from `accounts` where `accounts`.`user_id` in (1) {"params":[],"time":0.69} 
[2021-05-08 07:20:15] development.DEBUG: select * from `social_profiles` where `social_profiles`.`user_id` in (1) {"params":[],"time":0.66} 
[2021-05-08 07:20:15] development.DEBUG: select count(*) as aggregate from `games` where `games`.`status` = ? {"params":[1],"time":0.67} 
[2021-05-08 07:20:15] development.DEBUG: select * from `games` where `games`.`status` = ? and `games`.`win` > ? order by `id` desc limit 1 {"params":[1,"games.bet"],"time":0.66} 
[2021-05-08 07:20:15] development.DEBUG: select `id`, `user_id` from `accounts` where `accounts`.`id` in (5) {"params":[],"time":0.72} 
[2021-05-08 07:20:15] development.DEBUG: select `id`, `name`, `avatar` from `users` where `users`.`id` in (5) {"params":[],"time":0.51} 
[2021-05-08 07:20:19] development.DEBUG: select count(*) as aggregate from `games` where `games`.`status` = ? {"params":[1],"time":23.8} 
[2021-05-08 07:20:19] development.DEBUG: select * from `games` where `games`.`status` = ? and `games`.`win` > ? order by `id` desc limit 1 {"params":[1,"games.bet"],"time":0.59} 
[2021-05-08 07:20:19] development.DEBUG: select `id`, `user_id` from `accounts` where `accounts`.`id` in (5) {"params":[],"time":0.52} 
[2021-05-08 07:20:19] development.DEBUG: select `id`, `name`, `avatar` from `users` where `users`.`id` in (5) {"params":[],"time":0.4} 
[2021-05-08 07:20:19] development.DEBUG: select * from `users` where `id` = ? limit 1 {"params":[1],"time":26.44} 
[2021-05-08 07:20:19] development.DEBUG: select * from `accounts` where `accounts`.`user_id` in (1) {"params":[],"time":0.8} 
[2021-05-08 07:20:19] development.DEBUG: select * from `social_profiles` where `social_profiles`.`user_id` in (1) {"params":[],"time":0.86} 
[2021-05-08 07:20:19] development.DEBUG: select count(*) as aggregate from `games` where `games`.`status` = ? {"params":[1],"time":0.63} 
[2021-05-08 07:20:19] development.DEBUG: select * from `games` where `games`.`status` = ? and `games`.`win` > ? order by `id` desc limit 1 {"params":[1,"games.bet"],"time":0.59} 
[2021-05-08 07:20:19] development.DEBUG: select `id`, `user_id` from `accounts` where `accounts`.`id` in (5) {"params":[],"time":0.54} 
[2021-05-08 07:20:19] development.DEBUG: select `id`, `name`, `avatar` from `users` where `users`.`id` in (5) {"params":[],"time":0.51} 
[2021-05-08 07:20:20] development.DEBUG: select * from `users` where `id` = ? limit 1 {"params":[1],"time":26.49} 
[2021-05-08 07:20:20] development.DEBUG: select * from `accounts` where `accounts`.`user_id` in (1) {"params":[],"time":0.61} 
[2021-05-08 07:20:20] development.DEBUG: select * from `social_profiles` where `social_profiles`.`user_id` in (1) {"params":[],"time":0.52} 
[2021-05-08 07:20:20] development.DEBUG: select count(*) as aggregate from `games` where `games`.`status` = ? {"params":[1],"time":0.52} 
[2021-05-08 07:20:20] development.DEBUG: select * from `games` where `games`.`status` = ? and `games`.`win` > ? order by `id` desc limit 1 {"params":[1,"games.bet"],"time":0.52} 
[2021-05-08 07:20:20] development.DEBUG: select `id`, `user_id` from `accounts` where `accounts`.`id` in (5) {"params":[],"time":0.75} 
[2021-05-08 07:20:20] development.DEBUG: select `id`, `name`, `avatar` from `users` where `users`.`id` in (5) {"params":[],"time":0.41} 
[2021-05-08 07:20:20] development.DEBUG: select * from `users` where `id` = ? limit 1 {"params":[1],"time":8.16} 
[2021-05-08 07:20:20] development.DEBUG: select * from `accounts` where `accounts`.`user_id` in (1) {"params":[],"time":0.67} 
[2021-05-08 07:20:20] development.DEBUG: select * from `social_profiles` where `social_profiles`.`user_id` in (1) {"params":[],"time":0.56} 
[2021-05-08 07:20:20] development.DEBUG: select count(*) as aggregate from `games` where `games`.`status` = ? {"params":[1],"time":0.64} 
[2021-05-08 07:20:20] development.DEBUG: select * from `games` where `games`.`status` = ? and `games`.`win` > ? order by `id` desc limit 1 {"params":[1,"games.bet"],"time":0.65} 
[2021-05-08 07:20:20] development.DEBUG: select `id`, `user_id` from `accounts` where `accounts`.`id` in (5) {"params":[],"time":0.74} 
[2021-05-08 07:20:20] development.DEBUG: select `id`, `name`, `avatar` from `users` where `users`.`id` in (5) {"params":[],"time":0.49} 
[2021-05-08 07:20:21] development.DEBUG: select * from `users` where `id` = ? limit 1 {"params":[1],"time":8.56} 
[2021-05-08 07:20:21] development.DEBUG: select * from `accounts` where `accounts`.`user_id` in (1) {"params":[],"time":0.6} 
[2021-05-08 07:20:21] development.DEBUG: select * from `social_profiles` where `social_profiles`.`user_id` in (1) {"params":[],"time":0.49} 
[2021-05-08 07:20:21] development.DEBUG: select count(*) as aggregate from `games` where `games`.`status` = ? {"params":[1],"time":0.52} 
[2021-05-08 07:20:21] development.DEBUG: select * from `games` where `games`.`status` = ? and `games`.`win` > ? order by `id` desc limit 1 {"params":[1,"games.bet"],"time":0.46} 
[2021-05-08 07:20:21] development.DEBUG: select `id`, `user_id` from `accounts` where `accounts`.`id` in (5) {"params":[],"time":0.43} 
[2021-05-08 07:20:21] development.DEBUG: select `id`, `name`, `avatar` from `users` where `users`.`id` in (5) {"params":[],"time":0.4} 
[2021-05-08 07:20:21] development.DEBUG: select * from `users` where `id` = ? limit 1 {"params":[1],"time":8.27} 
[2021-05-08 07:20:21] development.DEBUG: select * from `accounts` where `accounts`.`user_id` in (1) {"params":[],"time":0.67} 
[2021-05-08 07:20:21] development.DEBUG: select * from `social_profiles` where `social_profiles`.`user_id` in (1) {"params":[],"time":0.58} 
[2021-05-08 07:20:21] development.DEBUG: select count(*) as aggregate from `games` where `games`.`status` = ? {"params":[1],"time":0.62} 
[2021-05-08 07:20:21] development.DEBUG: select * from `games` where `games`.`status` = ? and `games`.`win` > ? order by `id` desc limit 1 {"params":[1,"games.bet"],"time":0.67} 
[2021-05-08 07:20:21] development.DEBUG: select `id`, `user_id` from `accounts` where `accounts`.`id` in (5) {"params":[],"time":0.67} 
[2021-05-08 07:20:21] development.DEBUG: select `id`, `name`, `avatar` from `users` where `users`.`id` in (5) {"params":[],"time":0.46} 
[2021-05-08 07:20:22] development.DEBUG: select * from `users` where `id` = ? limit 1 {"params":[1],"time":28.79} 
[2021-05-08 07:20:22] development.DEBUG: select * from `accounts` where `accounts`.`user_id` in (1) {"params":[],"time":0.66} 
[2021-05-08 07:20:22] development.DEBUG: select * from `social_profiles` where `social_profiles`.`user_id` in (1) {"params":[],"time":0.61} 
[2021-05-08 07:20:22] development.DEBUG: select count(*) as aggregate from `games` where `games`.`status` = ? {"params":[1],"time":0.54} 
[2021-05-08 07:20:22] development.DEBUG: select * from `games` where `games`.`status` = ? and `games`.`win` > ? order by `id` desc limit 1 {"params":[1,"games.bet"],"time":0.62} 
[2021-05-08 07:20:22] development.DEBUG: select `id`, `user_id` from `accounts` where `accounts`.`id` in (5) {"params":[],"time":0.39} 
[2021-05-08 07:20:22] development.DEBUG: select `id`, `name`, `avatar` from `users` where `users`.`id` in (5) {"params":[],"time":0.34} 
[2021-05-08 07:20:22] development.DEBUG: select * from `users` where `id` = ? limit 1 {"params":[1],"time":19.75} 
[2021-05-08 07:20:22] development.DEBUG: select * from `accounts` where `accounts`.`user_id` in (1) {"params":[],"time":0.57} 
[2021-05-08 07:20:22] development.DEBUG: select * from `social_profiles` where `social_profiles`.`user_id` in (1) {"params":[],"time":0.55} 
[2021-05-08 07:20:22] development.DEBUG: select count(*) as aggregate from `games` where `games`.`status` = ? {"params":[1],"time":0.51} 
[2021-05-08 07:20:22] development.DEBUG: select * from `games` where `games`.`status` = ? and `games`.`win` > ? order by `id` desc limit 1 {"params":[1,"games.bet"],"time":0.45} 
[2021-05-08 07:20:22] development.DEBUG: select `id`, `user_id` from `accounts` where `accounts`.`id` in (5) {"params":[],"time":0.43} 
[2021-05-08 07:20:22] development.DEBUG: select `id`, `name`, `avatar` from `users` where `users`.`id` in (5) {"params":[],"time":0.35} 
[2021-05-08 07:20:23] development.DEBUG: select * from `users` where `id` = ? limit 1 {"params":[1],"time":7.96} 
[2021-05-08 07:20:23] development.DEBUG: select * from `accounts` where `accounts`.`user_id` in (1) {"params":[],"time":0.6} 
[2021-05-08 07:20:23] development.DEBUG: select * from `social_profiles` where `social_profiles`.`user_id` in (1) {"params":[],"time":0.61} 
[2021-05-08 07:20:23] development.DEBUG: select count(*) as aggregate from `games` where `games`.`status` = ? {"params":[1],"time":0.56} 
[2021-05-08 07:20:23] development.DEBUG: select * from `games` where `games`.`status` = ? and `games`.`win` > ? order by `id` desc limit 1 {"params":[1,"games.bet"],"time":0.59} 
[2021-05-08 07:20:23] development.DEBUG: select `id`, `user_id` from `accounts` where `accounts`.`id` in (5) {"params":[],"time":0.44} 
[2021-05-08 07:20:23] development.DEBUG: select `id`, `name`, `avatar` from `users` where `users`.`id` in (5) {"params":[],"time":0.34} 
[2021-05-08 07:20:23] development.DEBUG: select * from `users` where `id` = ? limit 1 {"params":[1],"time":8.3} 
[2021-05-08 07:20:23] development.DEBUG: select * from `accounts` where `accounts`.`user_id` in (1) {"params":[],"time":0.64} 
[2021-05-08 07:20:23] development.DEBUG: select * from `social_profiles` where `social_profiles`.`user_id` in (1) {"params":[],"time":0.61} 
[2021-05-08 07:20:23] development.DEBUG: select count(*) as aggregate from `games` where `games`.`status` = ? {"params":[1],"time":0.71} 
[2021-05-08 07:20:23] development.DEBUG: select * from `games` where `games`.`status` = ? and `games`.`win` > ? order by `id` desc limit 1 {"params":[1,"games.bet"],"time":0.62} 
[2021-05-08 07:20:23] development.DEBUG: select `id`, `user_id` from `accounts` where `accounts`.`id` in (5) {"params":[],"time":0.51} 
[2021-05-08 07:20:23] development.DEBUG: select `id`, `name`, `avatar` from `users` where `users`.`id` in (5) {"params":[],"time":0.41} 
[2021-05-08 07:20:24] development.DEBUG: select * from `users` where `id` = ? limit 1 {"params":[1],"time":8.75} 
[2021-05-08 07:20:24] development.DEBUG: select * from `accounts` where `accounts`.`user_id` in (1) {"params":[],"time":0.65} 
[2021-05-08 07:20:24] development.DEBUG: select * from `social_profiles` where `social_profiles`.`user_id` in (1) {"params":[],"time":0.68} 
[2021-05-08 07:20:24] development.DEBUG: select count(*) as aggregate from `games` where `games`.`status` = ? {"params":[1],"time":0.62} 
[2021-05-08 07:20:24] development.DEBUG: select * from `games` where `games`.`status` = ? and `games`.`win` > ? order by `id` desc limit 1 {"params":[1,"games.bet"],"time":0.56} 
[2021-05-08 07:20:24] development.DEBUG: select `id`, `user_id` from `accounts` where `accounts`.`id` in (5) {"params":[],"time":0.55} 
[2021-05-08 07:20:24] development.DEBUG: select `id`, `name`, `avatar` from `users` where `users`.`id` in (5) {"params":[],"time":0.48} 
[2021-05-08 07:20:24] development.DEBUG: select * from `users` where `id` = ? limit 1 {"params":[1],"time":34.22} 
[2021-05-08 07:20:24] development.DEBUG: select * from `accounts` where `accounts`.`user_id` in (1) {"params":[],"time":0.6} 
[2021-05-08 07:20:24] development.DEBUG: select * from `social_profiles` where `social_profiles`.`user_id` in (1) {"params":[],"time":0.54} 
[2021-05-08 07:20:24] development.DEBUG: select count(*) as aggregate from `games` where `games`.`status` = ? {"params":[1],"time":0.52} 
[2021-05-08 07:20:24] development.DEBUG: select * from `games` where `games`.`status` = ? and `games`.`win` > ? order by `id` desc limit 1 {"params":[1,"games.bet"],"time":0.54} 
[2021-05-08 07:20:24] development.DEBUG: select `id`, `user_id` from `accounts` where `accounts`.`id` in (5) {"params":[],"time":0.48} 
[2021-05-08 07:20:24] development.DEBUG: select `id`, `name`, `avatar` from `users` where `users`.`id` in (5) {"params":[],"time":0.39} 
[2021-05-08 07:20:25] development.DEBUG: select * from `users` where `id` = ? limit 1 {"params":[1],"time":22.34} 
[2021-05-08 07:20:25] development.DEBUG: select * from `accounts` where `accounts`.`user_id` in (1) {"params":[],"time":0.73} 
[2021-05-08 07:20:25] development.DEBUG: select * from `social_profiles` where `social_profiles`.`user_id` in (1) {"params":[],"time":0.64} 
[2021-05-08 07:20:25] development.DEBUG: select count(*) as aggregate from `games` where `games`.`status` = ? {"params":[1],"time":0.58} 
[2021-05-08 07:20:25] development.DEBUG: select * from `games` where `games`.`status` = ? and `games`.`win` > ? order by `id` desc limit 1 {"params":[1,"games.bet"],"time":0.64} 
[2021-05-08 07:20:25] development.DEBUG: select `id`, `user_id` from `accounts` where `accounts`.`id` in (5) {"params":[],"time":0.6} 
[2021-05-08 07:20:25] development.DEBUG: select `id`, `name`, `avatar` from `users` where `users`.`id` in (5) {"params":[],"time":0.47} 
[2021-05-08 07:20:25] development.DEBUG: select * from `users` where `id` = ? limit 1 {"params":[1],"time":18.5} 
[2021-05-08 07:20:25] development.DEBUG: select * from `accounts` where `accounts`.`user_id` in (1) {"params":[],"time":0.54} 
[2021-05-08 07:20:25] development.DEBUG: select * from `social_profiles` where `social_profiles`.`user_id` in (1) {"params":[],"time":0.49} 
[2021-05-08 07:20:25] development.DEBUG: select count(*) as aggregate from `games` where `games`.`status` = ? {"params":[1],"time":0.53} 
[2021-05-08 07:20:25] development.DEBUG: select * from `games` where `games`.`status` = ? and `games`.`win` > ? order by `id` desc limit 1 {"params":[1,"games.bet"],"time":0.53} 
[2021-05-08 07:20:25] development.DEBUG: select `id`, `user_id` from `accounts` where `accounts`.`id` in (5) {"params":[],"time":0.82} 
[2021-05-08 07:20:25] development.DEBUG: select `id`, `name`, `avatar` from `users` where `users`.`id` in (5) {"params":[],"time":0.37} 
[2021-05-08 07:20:26] development.DEBUG: select * from `users` where `id` = ? limit 1 {"params":[1],"time":7.41} 
[2021-05-08 07:20:26] development.DEBUG: select * from `accounts` where `accounts`.`user_id` in (1) {"params":[],"time":0.51} 
[2021-05-08 07:20:26] development.DEBUG: select * from `social_profiles` where `social_profiles`.`user_id` in (1) {"params":[],"time":0.59} 
[2021-05-08 07:20:26] development.DEBUG: select count(*) as aggregate from `games` where `games`.`status` = ? {"params":[1],"time":0.62} 
[2021-05-08 07:20:26] development.DEBUG: select * from `games` where `games`.`status` = ? and `games`.`win` > ? order by `id` desc limit 1 {"params":[1,"games.bet"],"time":0.65} 
[2021-05-08 07:20:26] development.DEBUG: select `id`, `user_id` from `accounts` where `accounts`.`id` in (5) {"params":[],"time":0.52} 
[2021-05-08 07:20:26] development.DEBUG: select `id`, `name`, `avatar` from `users` where `users`.`id` in (5) {"params":[],"time":0.56} 
[2021-05-08 07:20:26] development.DEBUG: select * from `users` where `id` = ? limit 1 {"params":[1],"time":9.08} 
[2021-05-08 07:20:26] development.DEBUG: select * from `accounts` where `accounts`.`user_id` in (1) {"params":[],"time":0.6} 
[2021-05-08 07:20:26] development.DEBUG: select * from `social_profiles` where `social_profiles`.`user_id` in (1) {"params":[],"time":0.46} 
[2021-05-08 07:20:26] development.DEBUG: select count(*) as aggregate from `games` where `games`.`status` = ? {"params":[1],"time":0.5} 
[2021-05-08 07:20:26] development.DEBUG: select * from `games` where `games`.`status` = ? and `games`.`win` > ? order by `id` desc limit 1 {"params":[1,"games.bet"],"time":0.5} 
[2021-05-08 07:20:26] development.DEBUG: select `id`, `user_id` from `accounts` where `accounts`.`id` in (5) {"params":[],"time":0.4} 
[2021-05-08 07:20:26] development.DEBUG: select `id`, `name`, `avatar` from `users` where `users`.`id` in (5) {"params":[],"time":0.37} 
[2021-05-08 07:21:06] development.DEBUG: select * from `users` where `email` = ? and `status` = ? limit 1 {"params":["test4@gmail.com",0],"time":11.32} 
[2021-05-08 07:21:13] development.DEBUG: select * from `users` where `email` = ? and `status` = ? limit 1 {"params":["user4@gmail.com",0],"time":9.56} 
[2021-05-08 07:21:13] development.DEBUG: update `users` set `last_login_at` = ?, `users`.`updated_at` = ? where `id` = ? {"params":["2021-05-08 07:21:13","2021-05-08 07:21:13",4],"time":69.5} 
[2021-05-08 07:21:13] development.DEBUG: select * from `accounts` where `accounts`.`user_id` = ? and `accounts`.`user_id` is not null limit 1 {"params":[4],"time":0.82} 
[2021-05-08 07:21:13] development.DEBUG: select * from `social_profiles` where `social_profiles`.`user_id` in (4) {"params":[],"time":0.66} 
[2021-05-08 07:21:13] development.DEBUG: select * from `users` where `id` = ? limit 1 {"params":[4],"time":34.75} 
[2021-05-08 07:21:14] development.DEBUG: select * from `users` where `id` = ? limit 1 {"params":[4],"time":12.89} 
[2021-05-08 07:21:14] development.DEBUG: select * from `games` where `games`.`status` = ? order by `created_at` desc limit 10 {"params":[1],"time":0.84} 
[2021-05-08 07:21:14] development.DEBUG: select `id`, `user_id` from `accounts` where `accounts`.`id` in (1, 5) {"params":[],"time":0.42} 
[2021-05-08 07:21:14] development.DEBUG: select `id`, `name`, `email`, `avatar` from `users` where `users`.`id` in (1, 5) {"params":[],"time":0.32} 
[2021-05-08 07:21:33] development.DEBUG: select * from `users` where `id` = ? limit 1 {"params":[4],"time":25.29} 
[2021-05-08 07:21:33] development.DEBUG: select * from `accounts` where `accounts`.`user_id` = ? and `accounts`.`user_id` is not null limit 1 {"params":[4],"time":0.58} 
[2021-05-08 07:21:33] development.DEBUG: select count(*) as aggregate from `affiliate_commissions` {"params":[],"time":0.65} 
[2021-05-08 07:21:33] development.DEBUG: select * from `affiliate_commissions` where `account_id` = ? order by id desc limit 10 offset 0 {"params":[4],"time":0.9} 
[2021-05-08 07:21:33] development.DEBUG: select * from `accounts` where `accounts`.`id` in (4) {"params":[],"time":0.51} 
[2021-05-08 07:21:33] development.DEBUG: select * from `users` where `users`.`id` in (4) {"params":[],"time":0.51} 
[2021-05-08 07:33:47] development.DEBUG: select * from `users` where `id` = ? limit 1 {"params":[4],"time":12.98} 
[2021-05-08 07:33:47] development.DEBUG: select * from `accounts` where `accounts`.`user_id` in (4) {"params":[],"time":0.64} 
[2021-05-08 07:33:47] development.DEBUG: select * from `social_profiles` where `social_profiles`.`user_id` in (4) {"params":[],"time":0.53} 
[2021-05-08 07:33:47] development.DEBUG: select count(*) as aggregate from `games` where `games`.`status` = ? {"params":[1],"time":0.45} 
[2021-05-08 07:33:47] development.DEBUG: select * from `games` where `games`.`status` = ? and `games`.`win` > ? order by `id` desc limit 1 {"params":[1,"games.bet"],"time":0.54} 
[2021-05-08 07:33:47] development.DEBUG: select `id`, `user_id` from `accounts` where `accounts`.`id` in (5) {"params":[],"time":0.41} 
[2021-05-08 07:33:47] development.DEBUG: select `id`, `name`, `avatar` from `users` where `users`.`id` in (5) {"params":[],"time":0.34} 
[2021-05-08 07:33:48] development.DEBUG: select * from `users` where `id` = ? limit 1 {"params":[4],"time":8.96} 
[2021-05-08 07:33:48] development.DEBUG: select * from `accounts` where `accounts`.`user_id` = ? and `accounts`.`user_id` is not null limit 1 {"params":[4],"time":0.78} 
[2021-05-08 07:33:48] development.DEBUG: select count(*) as aggregate from `affiliate_commissions` {"params":[],"time":0.5} 
[2021-05-08 07:33:48] development.DEBUG: select * from `affiliate_commissions` where `account_id` = ? order by id desc limit 10 offset 0 {"params":[4],"time":0.56} 
[2021-05-08 07:33:48] development.DEBUG: select * from `accounts` where `accounts`.`id` in (4) {"params":[],"time":0.42} 
[2021-05-08 07:33:48] development.DEBUG: select * from `users` where `users`.`id` in (4) {"params":[],"time":0.51} 
[2021-05-08 07:34:00] development.DEBUG: select * from `users` where `id` = ? limit 1 {"params":[4],"time":12.27} 
[2021-05-08 07:34:00] development.DEBUG: select count(*) as aggregate from `users` where `users`.`status` = ? {"params":[0],"time":13.61} 
[2021-05-08 07:34:00] development.DEBUG: select users.id,
                users.name,
                users.email,
                users.avatar,
                users.last_seen_at,
                COUNT(games.id) AS bet_count,
                IFNULL(SUM(games.bet),0) AS bet_total,
                IF(hide_profit,0,IFNULL(SUM(games.win-games.bet),0)) AS profit_total,
                IF(hide_profit,0,IFNULL(MAX(games.win-games.bet),0)) AS profit_max from `users` left join `accounts` on `accounts`.`user_id` = `users`.`id` left join `games` on `accounts`.`id` = `games`.`account_id` and `games`.`status` = 1 where `users`.`status` = ? group by `users`.`id`, `name`, `email`, `avatar`, `last_seen_at`, `hide_profit` order by bet_total desc limit 10 offset 0 {"params":[0],"time":2.22} 
